{"meta": {"format": 3, "version": "7.15.2", "timestamp": "2026-07-28T21:43:47.638679", "branch_coverage": true, "show_contexts": false}, "files": {"packages/kboat/src/kboat/__init__.py": {"executed_lines": [], "summary": {"covered_lines": 0, "num_statements": 0, "percent_covered": 100.0, "percent_covered_display": "100", "missing_lines": 0, "excluded_lines": 0, "percent_statements_covered": 100.0, "percent_statements_covered_display": "100", "num_branches": 0, "num_partial_branches": 0, "covered_branches": 0, "missing_branches": 0, "percent_branches_covered": 100.0, "percent_branches_covered_display": "100"}, "missing_lines": [], "excluded_lines": [], "executed_branches": [], "missing_branches": [], "functions": {"": {"executed_lines": [], "summary": {"covered_lines": 0, "num_statements": 0, "percent_covered": 100.0, "percent_covered_display": "100", "missing_lines": 0, "excluded_lines": 0, "percent_statements_covered": 100.0, "percent_statements_covered_display": "100", "num_branches": 0, "num_partial_branches": 0, "covered_branches": 0, "missing_branches": 0, "percent_branches_covered": 100.0, "percent_branches_covered_display": "100"}, "missing_lines": [], "excluded_lines": [], "start_line": 1, "executed_branches": [], "missing_branches": []}}, "classes": {"": {"executed_lines": [], "summary": {"covered_lines": 0, "num_statements": 0, "percent_covered": 100.0, "percent_covered_display": "100", "missing_lines": 0, "excluded_lines": 0, "percent_statements_covered": 100.0, "percent_statements_covered_display": "100", "num_branches": 0, "num_partial_branches": 0, "covered_branches": 0, "missing_branches": 0, "percent_branches_covered": 100.0, "percent_branches_covered_display": "100"}, "missing_lines": [], "excluded_lines": [], "start_line": 1, "executed_branches": [], "missing_branches": []}}}, "packages/kboat/src/kboat/bookmarklet/__init__.py": {"executed_lines": [], "summary": {"covered_lines": 0, "num_statements": 0, "percent_covered": 100.0, "percent_covered_display": "100", "missing_lines": 0, "excluded_lines": 0, "percent_statements_covered": 100.0, "percent_statements_covered_display": "100", "num_branches": 0, "num_partial_branches": 0, "covered_branches": 0, "missing_branches": 0, "percent_branches_covered": 100.0, "percent_branches_covered_display": "100"}, "missing_lines": [], "excluded_lines": [], "executed_branches": [], "missing_branches": [], "functions": {"": {"executed_lines": [], "summary": {"covered_lines": 0, "num_statements": 0, "percent_covered": 100.0, "percent_covered_display": "100", "missing_lines": 0, "excluded_lines": 0, "percent_statements_covered": 100.0, "percent_statements_covered_display": "100", "num_branches": 0, "num_partial_branches": 0, "covered_branches": 0, "missing_branches": 0, "percent_branches_covered": 100.0, "percent_branches_covered_display": "100"}, "missing_lines": [], "excluded_lines": [], "start_line": 1, "executed_branches": [], "missing_branches": []}}, "classes": {"": {"executed_lines": [], "summary": {"covered_lines": 0, "num_statements": 0, "percent_covered": 100.0, "percent_covered_display": "100", "missing_lines": 0, "excluded_lines": 0, "percent_statements_covered": 100.0, "percent_statements_covered_display": "100", "num_branches": 0, "num_partial_branches": 0, "covered_branches": 0, "missing_branches": 0, "percent_branches_covered": 100.0, "percent_branches_covered_display": "100"}, "missing_lines": [], "excluded_lines": [], "start_line": 1, "executed_branches": [], "missing_branches": []}}}, "packages/kboat/src/kboat/bookmarklet/__main__.py": {"executed_lines": [], "summary": {"covered_lines": 0, "num_statements": 27, "percent_covered": 0.0, "percent_covered_display": "0", "missing_lines": 27, "excluded_lines": 0, "percent_statements_covered": 0.0, "percent_statements_covered_display": "0", "num_branches": 4, "num_partial_branches": 0, "covered_branches": 0, "missing_branches": 4, "percent_branches_covered": 0.0, "percent_branches_covered_display": "0"}, "missing_lines": [14, 16, 17, 18, 19, 21, 24, 35, 36, 37, 38, 49, 52, 55, 56, 59, 60, 61, 65, 70, 75, 77, 78, 80, 81, 84, 85], "excluded_lines": [], "executed_branches": [], "missing_branches": [[77, 78], [77, 80], [84, -1], [84, 85]], "functions": {"build_bookmarklet": {"executed_lines": [], "summary": {"covered_lines": 0, "num_statements": 5, "percent_covered": 0.0, "percent_covered_display": "0", "missing_lines": 5, "excluded_lines": 0, "percent_statements_covered": 0.0, "percent_statements_covered_display": "0", "num_branches": 0, "num_partial_branches": 0, "covered_branches": 0, "missing_branches": 0, "percent_branches_covered": 100.0, "percent_branches_covered_display": "100"}, "missing_lines": [35, 36, 37, 38, 49], "excluded_lines": [], "start_line": 24, "executed_branches": [], "missing_branches": []}, "_default_vault": {"executed_lines": [], "summary": {"covered_lines": 0, "num_statements": 2, "percent_covered": 0.0, "percent_covered_display": "0", "missing_lines": 2, "excluded_lines": 0, "percent_statements_covered": 0.0, "percent_statements_covered_display": "0", "num_branches": 0, "num_partial_branches": 0, "covered_branches": 0, "missing_branches": 0, "percent_branches_covered": 100.0, "percent_branches_covered_display": "100"}, "missing_lines": [55, 56], "excluded_lines": [], "start_line": 52, "executed_branches": [], "missing_branches": []}, "main": {"executed_lines": [], "summary": {"covered_lines": 0, "num_statements": 9, "percent_covered": 0.0, "percent_covered_display": "0", "missing_lines": 9, "excluded_lines": 0, "percent_statements_covered": 0.0, "percent_statements_covered_display": "0", "num_branches": 2, "num_partial_branches": 0, "covered_branches": 0, "missing_branches": 2, "percent_branches_covered": 0.0, "percent_branches_covered_display": "0"}, "missing_lines": [60, 61, 65, 70, 75, 77, 78, 80, 81], "excluded_lines": [], "start_line": 59, "executed_branches": [], "missing_branches": [[77, 78], [77, 80]]}, "": {"executed_lines": [], "summary": {"covered_lines": 0, "num_statements": 11, "percent_covered": 0.0, "percent_covered_display": "0", "missing_lines": 11, "excluded_lines": 0, "percent_statements_covered": 0.0, "percent_statements_covered_display": "0", "num_branches": 2, "num_partial_branches": 0, "covered_branches": 0, "missing_branches": 2, "percent_branches_covered": 0.0, "percent_branches_covered_display": "0"}, "missing_lines": [14, 16, 17, 18, 19, 21, 24, 52, 59, 84, 85], "excluded_lines": [], "start_line": 1, "executed_branches": [], "missing_branches": [[84, -1], [84, 85]]}}, "classes": {"": {"executed_lines": [], "summary": {"covered_lines": 0, "num_statements": 27, "percent_covered": 0.0, "percent_covered_display": "0", "missing_lines": 27, "excluded_lines": 0, "percent_statements_covered": 0.0, "percent_statements_covered_display": "0", "num_branches": 4, "num_partial_branches": 0, "covered_branches": 0, "missing_branches": 4, "percent_branches_covered": 0.0, "percent_branches_covered_display": "0"}, "missing_lines": [14, 16, 17, 18, 19, 21, 24, 35, 36, 37, 38, 49, 52, 55, 56, 59, 60, 61, 65, 70, 75, 77, 78, 80, 81, 84, 85], "excluded_lines": [], "start_line": 1, "executed_branches": [], "missing_branches": [[77, 78], [77, 80], [84, -1], [84, 85]]}}}, "packages/kboat/src/kboat/cli.py": {"executed_lines": [22, 24, 25, 26, 27, 28, 29, 30, 32, 33, 34, 37, 44, 45, 46, 47, 50, 51, 58, 69, 82, 84, 85, 86, 89, 98, 99, 100, 104, 112, 113, 114, 115, 118, 136, 137, 140, 141, 142, 143, 144, 145, 146, 147, 150, 161, 162, 163, 164, 165, 166, 167, 168, 169, 170, 171, 172, 173], "summary": {"covered_lines": 58, "num_statements": 59, "percent_covered": 97.01492537313433, "percent_covered_display": "97", "missing_lines": 1, "excluded_lines": 0, "percent_statements_covered": 98.30508474576271, "percent_statements_covered_display": "98", "num_branches": 8, "num_partial_branches": 1, "covered_branches": 7, "missing_branches": 1, "percent_branches_covered": 87.5, "percent_branches_covered_display": "88"}, "missing_lines": [101], "excluded_lines": [], "executed_branches": [[84, 85], [84, 86], [98, 99], [98, 100], [100, -89], [145, 146], [145, 147]], "missing_branches": [[100, 101]], "functions": {"_iso_date": {"executed_lines": [44, 45, 46, 47], "summary": {"covered_lines": 4, "num_statements": 4, "percent_covered": 100.0, "percent_covered_display": "100", "missing_lines": 0, "excluded_lines": 0, "percent_statements_covered": 100.0, "percent_statements_covered_display": "100", "num_branches": 0, "num_partial_branches": 0, "covered_branches": 0, "missing_branches": 0, "percent_branches_covered": 100.0, "percent_branches_covered_display": "100"}, "missing_lines": [], "excluded_lines": [], "start_line": 37, "executed_branches": [], "missing_branches": []}, "add_vault_argument": {"executed_lines": [51], "summary": {"covered_lines": 1, "num_statements": 1, "percent_covered": 100.0, "percent_covered_display": "100", "missing_lines": 0, "excluded_lines": 0, "percent_statements_covered": 100.0, "percent_statements_covered_display": "100", "num_branches": 0, "num_partial_branches": 0, "covered_branches": 0, "missing_branches": 0, "percent_branches_covered": 100.0, "percent_branches_covered_display": "100"}, "missing_lines": [], "excluded_lines": [], "start_line": 50, "executed_branches": [], "missing_branches": []}, "add_today_argument": {"executed_lines": [69], "summary": {"covered_lines": 1, "num_statements": 1, "percent_covered": 100.0, "percent_covered_display": "100", "missing_lines": 0, "excluded_lines": 0, "percent_statements_covered": 100.0, "percent_statements_covered_display": "100", "num_branches": 0, "num_partial_branches": 0, "covered_branches": 0, "missing_branches": 0, "percent_branches_covered": 100.0, "percent_branches_covered_display": "100"}, "missing_lines": [], "excluded_lines": [], "start_line": 58, "executed_branches": [], "missing_branches": []}, "vault_path": {"executed_lines": [84, 85, 86], "summary": {"covered_lines": 3, "num_statements": 3, "percent_covered": 100.0, "percent_covered_display": "100", "missing_lines": 0, "excluded_lines": 0, "percent_statements_covered": 100.0, "percent_statements_covered_display": "100", "num_branches": 2, "num_partial_branches": 0, "covered_branches": 2, "missing_branches": 0, "percent_branches_covered": 100.0, "percent_branches_covered_display": "100"}, "missing_lines": [], "excluded_lines": [], "start_line": 82, "executed_branches": [[84, 85], [84, 86]], "missing_branches": []}, "require_readable_payload": {"executed_lines": [98, 99, 100], "summary": {"covered_lines": 3, "num_statements": 4, "percent_covered": 75.0, "percent_covered_display": "75", "missing_lines": 1, "excluded_lines": 0, "percent_statements_covered": 75.0, "percent_statements_covered_display": "75", "num_branches": 4, "num_partial_branches": 1, "covered_branches": 3, "missing_branches": 1, "percent_branches_covered": 75.0, "percent_branches_covered_display": "75"}, "missing_lines": [101], "excluded_lines": [], "start_line": 89, "executed_branches": [[98, 99], [98, 100], [100, -89]], "missing_branches": [[100, 101]]}, "emit_locked": {"executed_lines": [112, 113, 114, 115], "summary": {"covered_lines": 4, "num_statements": 4, "percent_covered": 100.0, "percent_covered_display": "100", "missing_lines": 0, "excluded_lines": 0, "percent_statements_covered": 100.0, "percent_statements_covered_display": "100", "num_branches": 0, "num_partial_branches": 0, "covered_branches": 0, "missing_branches": 0, "percent_branches_covered": 100.0, "percent_branches_covered_display": "100"}, "missing_lines": [], "excluded_lines": [], "start_line": 104, "executed_branches": [], "missing_branches": []}, "emit_lock_unavailable": {"executed_lines": [136, 137], "summary": {"covered_lines": 2, "num_statements": 2, "percent_covered": 100.0, "percent_covered_display": "100", "missing_lines": 0, "excluded_lines": 0, "percent_statements_covered": 100.0, "percent_statements_covered_display": "100", "num_branches": 0, "num_partial_branches": 0, "covered_branches": 0, "missing_branches": 0, "percent_branches_covered": 100.0, "percent_branches_covered_display": "100"}, "missing_lines": [], "excluded_lines": [], "start_line": 118, "executed_branches": [], "missing_branches": []}, "_read_json_record": {"executed_lines": [141, 142, 143, 144, 145, 146, 147], "summary": {"covered_lines": 7, "num_statements": 7, "percent_covered": 100.0, "percent_covered_display": "100", "missing_lines": 0, "excluded_lines": 0, "percent_statements_covered": 100.0, "percent_statements_covered_display": "100", "num_branches": 2, "num_partial_branches": 0, "covered_branches": 2, "missing_branches": 0, "percent_branches_covered": 100.0, "percent_branches_covered_display": "100"}, "missing_lines": [], "excluded_lines": [], "start_line": 140, "executed_branches": [[145, 146], [145, 147]], "missing_branches": []}, "run_write": {"executed_lines": [161, 162, 163, 164, 165, 166, 167, 168, 169, 170, 171, 172, 173], "summary": {"covered_lines": 13, "num_statements": 13, "percent_covered": 100.0, "percent_covered_display": "100", "missing_lines": 0, "excluded_lines": 0, "percent_statements_covered": 100.0, "percent_statements_covered_display": "100", "num_branches": 0, "num_partial_branches": 0, "covered_branches": 0, "missing_branches": 0, "percent_branches_covered": 100.0, "percent_branches_covered_display": "100"}, "missing_lines": [], "excluded_lines": [], "start_line": 150, "executed_branches": [], "missing_branches": []}, "": {"executed_lines": [22, 24, 25, 26, 27, 28, 29, 30, 32, 33, 34, 37, 50, 58, 82, 89, 104, 118, 140, 150], "summary": {"covered_lines": 20, "num_statements": 20, "percent_covered": 100.0, "percent_covered_display": "100", "missing_lines": 0, "excluded_lines": 0, "percent_statements_covered": 100.0, "percent_statements_covered_display": "100", "num_branches": 0, "num_partial_branches": 0, "covered_branches": 0, "missing_branches": 0, "percent_branches_covered": 100.0, "percent_branches_covered_display": "100"}, "missing_lines": [], "excluded_lines": [], "start_line": 1, "executed_branches": [], "missing_branches": []}}, "classes": {"": {"executed_lines": [22, 24, 25, 26, 27, 28, 29, 30, 32, 33, 34, 37, 44, 45, 46, 47, 50, 51, 58, 69, 82, 84, 85, 86, 89, 98, 99, 100, 104, 112, 113, 114, 115, 118, 136, 137, 140, 141, 142, 143, 144, 145, 146, 147, 150, 161, 162, 163, 164, 165, 166, 167, 168, 169, 170, 171, 172, 173], "summary": {"covered_lines": 58, "num_statements": 59, "percent_covered": 97.01492537313433, "percent_covered_display": "97", "missing_lines": 1, "excluded_lines": 0, "percent_statements_covered": 98.30508474576271, "percent_statements_covered_display": "98", "num_branches": 8, "num_partial_branches": 1, "covered_branches": 7, "missing_branches": 1, "percent_branches_covered": 87.5, "percent_branches_covered_display": "88"}, "missing_lines": [101], "excluded_lines": [], "start_line": 1, "executed_branches": [[84, 85], [84, 86], [98, 99], [98, 100], [100, -89], [145, 146], [145, 147]], "missing_branches": [[100, 101]]}}}, "packages/kboat/src/kboat/doctor/__init__.py": {"executed_lines": [], "summary": {"covered_lines": 0, "num_statements": 0, "percent_covered": 100.0, "percent_covered_display": "100", "missing_lines": 0, "excluded_lines": 0, "percent_statements_covered": 100.0, "percent_statements_covered_display": "100", "num_branches": 0, "num_partial_branches": 0, "covered_branches": 0, "missing_branches": 0, "percent_branches_covered": 100.0, "percent_branches_covered_display": "100"}, "missing_lines": [], "excluded_lines": [], "executed_branches": [], "missing_branches": [], "functions": {"": {"executed_lines": [], "summary": {"covered_lines": 0, "num_statements": 0, "percent_covered": 100.0, "percent_covered_display": "100", "missing_lines": 0, "excluded_lines": 0, "percent_statements_covered": 100.0, "percent_statements_covered_display": "100", "num_branches": 0, "num_partial_branches": 0, "covered_branches": 0, "missing_branches": 0, "percent_branches_covered": 100.0, "percent_branches_covered_display": "100"}, "missing_lines": [], "excluded_lines": [], "start_line": 1, "executed_branches": [], "missing_branches": []}}, "classes": {"": {"executed_lines": [], "summary": {"covered_lines": 0, "num_statements": 0, "percent_covered": 100.0, "percent_covered_display": "100", "missing_lines": 0, "excluded_lines": 0, "percent_statements_covered": 100.0, "percent_statements_covered_display": "100", "num_branches": 0, "num_partial_branches": 0, "covered_branches": 0, "missing_branches": 0, "percent_branches_covered": 100.0, "percent_branches_covered_display": "100"}, "missing_lines": [], "excluded_lines": [], "start_line": 1, "executed_branches": [], "missing_branches": []}}}, "packages/kboat/src/kboat/doctor/__main__.py": {"executed_lines": [], "summary": {"covered_lines": 0, "num_statements": 30, "percent_covered": 0.0, "percent_covered_display": "0", "missing_lines": 30, "excluded_lines": 0, "percent_statements_covered": 0.0, "percent_statements_covered_display": "0", "num_branches": 8, "num_partial_branches": 0, "covered_branches": 0, "missing_branches": 8, "percent_branches_covered": 0.0, "percent_branches_covered_display": "0"}, "missing_lines": [13, 15, 16, 17, 18, 20, 22, 25, 27, 28, 29, 30, 31, 34, 35, 39, 40, 42, 44, 45, 46, 47, 56, 57, 61, 62, 63, 64, 67, 68], "excluded_lines": [], "executed_branches": [], "missing_branches": [[27, 28], [27, 29], [61, 62], [61, 64], [62, 61], [62, 63], [67, -1], [67, 68]], "functions": {"_where": {"executed_lines": [], "summary": {"covered_lines": 0, "num_statements": 5, "percent_covered": 0.0, "percent_covered_display": "0", "missing_lines": 5, "excluded_lines": 0, "percent_statements_covered": 0.0, "percent_statements_covered_display": "0", "num_branches": 2, "num_partial_branches": 0, "covered_branches": 0, "missing_branches": 2, "percent_branches_covered": 0.0, "percent_branches_covered_display": "0"}, "missing_lines": [27, 28, 29, 30, 31], "excluded_lines": [], "start_line": 25, "executed_branches": [], "missing_branches": [[27, 28], [27, 29]]}, "main": {"executed_lines": [], "summary": {"covered_lines": 0, "num_statements": 14, "percent_covered": 0.0, "percent_covered_display": "0", "missing_lines": 14, "excluded_lines": 0, "percent_statements_covered": 0.0, "percent_statements_covered_display": "0", "num_branches": 4, "num_partial_branches": 0, "covered_branches": 0, "missing_branches": 4, "percent_branches_covered": 0.0, "percent_branches_covered_display": "0"}, "missing_lines": [35, 39, 40, 42, 44, 45, 46, 47, 56, 57, 61, 62, 63, 64], "excluded_lines": [], "start_line": 34, "executed_branches": [], "missing_branches": [[61, 62], [61, 64], [62, 61], [62, 63]]}, "": {"executed_lines": [], "summary": {"covered_lines": 0, "num_statements": 11, "percent_covered": 0.0, "percent_covered_display": "0", "missing_lines": 11, "excluded_lines": 0, "percent_statements_covered": 0.0, "percent_statements_covered_display": "0", "num_branches": 2, "num_partial_branches": 0, "covered_branches": 0, "missing_branches": 2, "percent_branches_covered": 0.0, "percent_branches_covered_display": "0"}, "missing_lines": [13, 15, 16, 17, 18, 20, 22, 25, 34, 67, 68], "excluded_lines": [], "start_line": 1, "executed_branches": [], "missing_branches": [[67, -1], [67, 68]]}}, "classes": {"": {"executed_lines": [], "summary": {"covered_lines": 0, "num_statements": 30, "percent_covered": 0.0, "percent_covered_display": "0", "missing_lines": 30, "excluded_lines": 0, "percent_statements_covered": 0.0, "percent_statements_covered_display": "0", "num_branches": 8, "num_partial_branches": 0, "covered_branches": 0, "missing_branches": 8, "percent_branches_covered": 0.0, "percent_branches_covered_display": "0"}, "missing_lines": [13, 15, 16, 17, 18, 20, 22, 25, 27, 28, 29, 30, 31, 34, 35, 39, 40, 42, 44, 45, 46, 47, 56, 57, 61, 62, 63, 64, 67, 68], "excluded_lines": [], "start_line": 1, "executed_branches": [], "missing_branches": [[27, 28], [27, 29], [61, 62], [61, 64], [62, 61], [62, 63], [67, -1], [67, 68]]}}}, "packages/kboat/src/kboat/doctor/core.py": {"executed_lines": [], "summary": {"covered_lines": 0, "num_statements": 86, "percent_covered": 0.0, "percent_covered_display": "0", "missing_lines": 86, "excluded_lines": 0, "percent_statements_covered": 0.0, "percent_statements_covered_display": "0", "num_branches": 18, "num_partial_branches": 0, "covered_branches": 0, "missing_branches": 18, "percent_branches_covered": 0.0, "percent_branches_covered_display": "0"}, "missing_lines": [12, 14, 15, 16, 17, 18, 20, 28, 33, 35, 39, 42, 43, 46, 54, 55, 56, 61, 64, 65, 66, 67, 68, 69, 71, 72, 74, 76, 82, 91, 92, 93, 94, 95, 96, 99, 107, 108, 109, 110, 111, 114, 115, 116, 117, 118, 124, 125, 126, 130, 131, 132, 133, 136, 150, 151, 156, 157, 160, 176, 177, 178, 179, 183, 184, 185, 194, 195, 196, 199, 208, 209, 210, 211, 212, 213, 214, 217, 218, 219, 220, 238, 244, 245, 246, 247], "excluded_lines": [], "executed_branches": [], "missing_branches": [[92, 93], [92, 94], [94, 95], [94, 96], [131, 132], [131, 133], [178, 179], [178, 183], [184, 185], [184, 194], [194, 195], [194, 196], [209, 210], [209, 214], [211, 212], [211, 213], [245, 246], [245, 247]], "functions": {"_placeholder_for": {"executed_lines": [], "summary": {"covered_lines": 0, "num_statements": 1, "percent_covered": 0.0, "percent_covered_display": "0", "missing_lines": 1, "excluded_lines": 0, "percent_statements_covered": 0.0, "percent_statements_covered_display": "0", "num_branches": 0, "num_partial_branches": 0, "covered_branches": 0, "missing_branches": 0, "percent_branches_covered": 100.0, "percent_branches_covered_display": "100"}, "missing_lines": [43], "excluded_lines": [], "start_line": 42, "executed_branches": [], "missing_branches": []}, "Check.reported_paths": {"executed_lines": [], "summary": {"covered_lines": 0, "num_statements": 1, "percent_covered": 0.0, "percent_covered_display": "0", "missing_lines": 1, "excluded_lines": 0, "percent_statements_covered": 0.0, "percent_statements_covered_display": "0", "num_branches": 0, "num_partial_branches": 0, "covered_branches": 0, "missing_branches": 0, "percent_branches_covered": 100.0, "percent_branches_covered_display": "100"}, "missing_lines": [74], "excluded_lines": [], "start_line": 72, "executed_branches": [], "missing_branches": []}, "Check.to_json": {"executed_lines": [], "summary": {"covered_lines": 0, "num_statements": 1, "percent_covered": 0.0, "percent_covered_display": "0", "missing_lines": 1, "excluded_lines": 0, "percent_statements_covered": 0.0, "percent_statements_covered_display": "0", "num_branches": 0, "num_partial_branches": 0, "covered_branches": 0, "missing_branches": 0, "percent_branches_covered": 100.0, "percent_branches_covered_display": "100"}, "missing_lines": [82], "excluded_lines": [], "start_line": 76, "executed_branches": [], "missing_branches": []}, "_check_root": {"executed_lines": [], "summary": {"covered_lines": 0, "num_statements": 5, "percent_covered": 0.0, "percent_covered_display": "0", "missing_lines": 5, "excluded_lines": 0, "percent_statements_covered": 0.0, "percent_statements_covered_display": "0", "num_branches": 4, "num_partial_branches": 0, "covered_branches": 0, "missing_branches": 4, "percent_branches_covered": 0.0, "percent_branches_covered_display": "0"}, "missing_lines": [92, 93, 94, 95, 96], "excluded_lines": [], "start_line": 91, "executed_branches": [], "missing_branches": [[92, 93], [92, 94], [94, 95], [94, 96]]}, "_check_writable": {"executed_lines": [], "summary": {"covered_lines": 0, "num_statements": 17, "percent_covered": 0.0, "percent_covered_display": "0", "missing_lines": 17, "excluded_lines": 0, "percent_statements_covered": 0.0, "percent_statements_covered_display": "0", "num_branches": 2, "num_partial_branches": 0, "covered_branches": 0, "missing_branches": 2, "percent_branches_covered": 0.0, "percent_branches_covered_display": "0"}, "missing_lines": [107, 108, 109, 110, 111, 114, 115, 116, 117, 118, 124, 125, 126, 130, 131, 132, 133], "excluded_lines": [], "start_line": 99, "executed_branches": [], "missing_branches": [[131, 132], [131, 133]]}, "_check_folders": {"executed_lines": [], "summary": {"covered_lines": 0, "num_statements": 4, "percent_covered": 0.0, "percent_covered_display": "0", "missing_lines": 4, "excluded_lines": 0, "percent_statements_covered": 0.0, "percent_statements_covered_display": "0", "num_branches": 0, "num_partial_branches": 0, "covered_branches": 0, "missing_branches": 0, "percent_branches_covered": 100.0, "percent_branches_covered_display": "100"}, "missing_lines": [150, 156, 157, 160], "excluded_lines": [], "start_line": 136, "executed_branches": [], "missing_branches": []}, "_check_folders.taken": {"executed_lines": [], "summary": {"covered_lines": 0, "num_statements": 1, "percent_covered": 0.0, "percent_covered_display": "0", "missing_lines": 1, "excluded_lines": 0, "percent_statements_covered": 0.0, "percent_statements_covered_display": "0", "num_branches": 0, "num_partial_branches": 0, "covered_branches": 0, "missing_branches": 0, "percent_branches_covered": 100.0, "percent_branches_covered_display": "100"}, "missing_lines": [151], "excluded_lines": [], "start_line": 150, "executed_branches": [], "missing_branches": []}, "_check_questions": {"executed_lines": [], "summary": {"covered_lines": 0, "num_statements": 9, "percent_covered": 0.0, "percent_covered_display": "0", "missing_lines": 9, "excluded_lines": 0, "percent_statements_covered": 0.0, "percent_statements_covered_display": "0", "num_branches": 6, "num_partial_branches": 0, "covered_branches": 0, "missing_branches": 6, "percent_branches_covered": 0.0, "percent_branches_covered_display": "0"}, "missing_lines": [177, 178, 179, 183, 184, 185, 194, 195, 196], "excluded_lines": [], "start_line": 176, "executed_branches": [], "missing_branches": [[178, 179], [178, 183], [184, 185], [184, 194], [194, 195], [194, 196]]}, "_placeholders": {"executed_lines": [], "summary": {"covered_lines": 0, "num_statements": 7, "percent_covered": 0.0, "percent_covered_display": "0", "missing_lines": 7, "excluded_lines": 0, "percent_statements_covered": 0.0, "percent_statements_covered_display": "0", "num_branches": 4, "num_partial_branches": 0, "covered_branches": 0, "missing_branches": 4, "percent_branches_covered": 0.0, "percent_branches_covered_display": "0"}, "missing_lines": [208, 209, 210, 211, 212, 213, 214], "excluded_lines": [], "start_line": 199, "executed_branches": [], "missing_branches": [[209, 210], [209, 214], [211, 212], [211, 213]]}, "_check_icloud": {"executed_lines": [], "summary": {"covered_lines": 0, "num_statements": 3, "percent_covered": 0.0, "percent_covered_display": "0", "missing_lines": 3, "excluded_lines": 0, "percent_statements_covered": 0.0, "percent_statements_covered_display": "0", "num_branches": 0, "num_partial_branches": 0, "covered_branches": 0, "missing_branches": 0, "percent_branches_covered": 100.0, "percent_branches_covered_display": "100"}, "missing_lines": [218, 219, 220], "excluded_lines": [], "start_line": 217, "executed_branches": [], "missing_branches": []}, "run_checks": {"executed_lines": [], "summary": {"covered_lines": 0, "num_statements": 4, "percent_covered": 0.0, "percent_covered_display": "0", "missing_lines": 4, "excluded_lines": 0, "percent_statements_covered": 0.0, "percent_statements_covered_display": "0", "num_branches": 2, "num_partial_branches": 0, "covered_branches": 0, "missing_branches": 2, "percent_branches_covered": 0.0, "percent_branches_covered_display": "0"}, "missing_lines": [244, 245, 246, 247], "excluded_lines": [], "start_line": 238, "executed_branches": [], "missing_branches": [[245, 246], [245, 247]]}, "": {"executed_lines": [], "summary": {"covered_lines": 0, "num_statements": 33, "percent_covered": 0.0, "percent_covered_display": "0", "missing_lines": 33, "excluded_lines": 0, "percent_statements_covered": 0.0, "percent_statements_covered_display": "0", "num_branches": 0, "num_partial_branches": 0, "covered_branches": 0, "missing_branches": 0, "percent_branches_covered": 100.0, "percent_branches_covered_display": "100"}, "missing_lines": [12, 14, 15, 16, 17, 18, 20, 28, 33, 35, 39, 42, 46, 54, 55, 56, 61, 64, 65, 66, 67, 68, 69, 71, 72, 76, 91, 99, 136, 176, 199, 217, 238], "excluded_lines": [], "start_line": 1, "executed_branches": [], "missing_branches": []}}, "classes": {"Status": {"executed_lines": [], "summary": {"covered_lines": 0, "num_statements": 0, "percent_covered": 100.0, "percent_covered_display": "100", "missing_lines": 0, "excluded_lines": 0, "percent_statements_covered": 100.0, "percent_statements_covered_display": "100", "num_branches": 0, "num_partial_branches": 0, "covered_branches": 0, "missing_branches": 0, "percent_branches_covered": 100.0, "percent_branches_covered_display": "100"}, "missing_lines": [], "excluded_lines": [], "start_line": 46, "executed_branches": [], "missing_branches": []}, "Check": {"executed_lines": [], "summary": {"covered_lines": 0, "num_statements": 2, "percent_covered": 0.0, "percent_covered_display": "0", "missing_lines": 2, "excluded_lines": 0, "percent_statements_covered": 0.0, "percent_statements_covered_display": "0", "num_branches": 0, "num_partial_branches": 0, "covered_branches": 0, "missing_branches": 0, "percent_branches_covered": 100.0, "percent_branches_covered_display": "100"}, "missing_lines": [74, 82], "excluded_lines": [], "start_line": 65, "executed_branches": [], "missing_branches": []}, "": {"executed_lines": [], "summary": {"covered_lines": 0, "num_statements": 84, "percent_covered": 0.0, "percent_covered_display": "0", "missing_lines": 84, "excluded_lines": 0, "percent_statements_covered": 0.0, "percent_statements_covered_display": "0", "num_branches": 18, "num_partial_branches": 0, "covered_branches": 0, "missing_branches": 18, "percent_branches_covered": 0.0, "percent_branches_covered_display": "0"}, "missing_lines": [12, 14, 15, 16, 17, 18, 20, 28, 33, 35, 39, 42, 43, 46, 54, 55, 56, 61, 64, 65, 66, 67, 68, 69, 71, 72, 76, 91, 92, 93, 94, 95, 96, 99, 107, 108, 109, 110, 111, 114, 115, 116, 117, 118, 124, 125, 126, 130, 131, 132, 133, 136, 150, 151, 156, 157, 160, 176, 177, 178, 179, 183, 184, 185, 194, 195, 196, 199, 208, 209, 210, 211, 212, 213, 214, 217, 218, 219, 220, 238, 244, 245, 246, 247], "excluded_lines": [], "start_line": 1, "executed_branches": [], "missing_branches": [[92, 93], [92, 94], [94, 95], [94, 96], [131, 132], [131, 133], [178, 179], [178, 183], [184, 185], [184, 194], [194, 195], [194, 196], [209, 210], [209, 214], [211, 212], [211, 213], [245, 246], [245, 247]]}}}, "packages/kboat/src/kboat/frontmatter.py": {"executed_lines": [38, 40, 41, 42, 43, 44, 46, 47, 49, 50, 53, 66, 69, 75, 76, 77, 81, 83, 84, 85, 86, 87, 88, 90, 93, 101, 110, 130, 133, 136, 151, 155, 156, 157, 158, 159, 160, 161, 162, 166, 167, 169, 170, 171, 174, 180, 181, 182, 183, 184, 187, 188, 189, 191, 192, 193, 196, 199, 200, 201, 202, 203, 207, 217, 222, 223, 224, 225, 226, 227, 228, 229, 230, 235, 237, 238, 239, 240, 241, 242, 243, 244, 245, 246, 247, 248, 251, 260, 263, 264, 276, 277, 278, 279, 282, 292, 300, 301, 304, 313, 314, 315, 316, 317, 318, 319, 320, 323, 331, 337, 341, 342, 346, 347, 348, 352, 353, 354, 355, 356, 360, 363, 364, 368, 369, 370, 371, 372, 373, 374, 378, 379, 380, 381, 382, 386, 387, 388, 389, 391, 392, 393, 394, 397, 406, 409, 411, 412, 413, 416, 431, 468, 476, 477, 478, 479, 480, 481, 483, 484, 486, 487, 488, 489, 490, 491, 494, 501, 503, 507, 512, 514, 517, 527, 528, 531, 535, 536, 537, 538, 539, 543, 544, 547, 555, 556, 557, 558, 559, 560, 561, 562, 563, 566, 569, 571, 573, 575, 583, 589, 592, 595, 605, 608, 616, 619, 634, 636, 637, 640, 643, 646, 647, 648, 649, 652, 653, 654, 657, 658, 659, 662, 682, 683, 685, 686, 688, 689, 690, 691, 692, 693, 694, 695, 696, 697, 698, 699, 716, 720, 725, 726, 728, 732, 733, 735, 736, 737, 739, 742, 744], "summary": {"covered_lines": 251, "num_statements": 336, "percent_covered": 71.92622950819673, "percent_covered_display": "72", "missing_lines": 85, "excluded_lines": 0, "percent_statements_covered": 74.70238095238095, "percent_statements_covered_display": "75", "num_branches": 152, "num_partial_branches": 30, "covered_branches": 100, "missing_branches": 52, "percent_branches_covered": 65.78947368421052, "percent_branches_covered_display": "66"}, "missing_lines": [78, 89, 143, 144, 145, 146, 147, 148, 163, 164, 165, 190, 204, 236, 289, 321, 322, 328, 329, 330, 357, 358, 359, 361, 362, 375, 376, 377, 384, 422, 423, 424, 425, 447, 448, 449, 450, 451, 452, 453, 454, 455, 456, 457, 458, 459, 460, 461, 462, 463, 464, 465, 482, 485, 540, 541, 570, 572, 574, 635, 638, 639, 684, 687, 704, 705, 706, 707, 708, 709, 710, 711, 712, 713, 714, 715, 719, 724, 727, 729, 730, 731, 734, 738, 743], "excluded_lines": [], "executed_branches": [[75, 76], [76, 75], [76, 77], [85, 86], [85, 88], [88, 90], [157, 158], [157, 171], [159, 160], [159, 169], [162, 166], [181, 182], [181, 184], [189, 191], [191, 192], [191, 193], [199, 200], [199, 201], [201, 202], [202, 201], [202, 203], [223, 224], [223, 248], [225, 226], [225, 235], [226, 227], [226, 229], [229, 230], [229, 247], [235, 237], [237, 238], [237, 239], [239, 240], [239, 241], [241, 242], [241, 243], [243, 244], [243, 245], [245, 246], [245, 247], [318, 319], [318, 394], [320, 323], [323, 331], [354, 355], [354, 373], [356, 360], [360, 363], [363, 364], [363, 368], [374, 378], [378, 379], [378, 386], [380, 381], [386, 387], [386, 388], [388, 389], [388, 391], [479, 480], [479, 490], [481, 483], [484, 486], [487, 479], [487, 488], [490, 491], [490, 494], [536, 537], [536, 544], [537, 538], [537, 539], [539, 543], [555, 556], [555, 557], [557, 558], [557, 559], [559, 560], [559, 561], [561, 562], [561, 563], [569, 571], [571, 573], [573, 575], [634, 636], [646, 647], [646, 648], [653, 654], [653, 657], [683, 685], [686, 688], [696, 697], [696, 737], [699, 716], [716, 720], [720, 725], [726, 728], [728, 732], [733, 735], [735, 736], [737, 739], [742, 744]], "missing_branches": [[75, 78], [88, 89], [143, 144], [143, 145], [146, 147], [146, 148], [162, 163], [189, 190], [201, 204], [235, 236], [320, 321], [323, 328], [356, 357], [360, 361], [374, 375], [380, 384], [451, 452], [451, 460], [453, 454], [453, 455], [455, 456], [455, 458], [458, 451], [458, 459], [460, 461], [460, 462], [481, 482], [484, 485], [539, 540], [569, 570], [571, 572], [573, 574], [634, 635], [683, 684], [686, 687], [699, 704], [704, 705], [704, 708], [709, 710], [709, 711], [711, 712], [711, 713], [713, 714], [713, 715], [716, 719], [720, 724], [726, 727], [728, 729], [733, 734], [735, 696], [737, 738], [742, 743]], "functions": {"_split_newline": {"executed_lines": [75, 76, 77], "summary": {"covered_lines": 3, "num_statements": 4, "percent_covered": 75.0, "percent_covered_display": "75", "missing_lines": 1, "excluded_lines": 0, "percent_statements_covered": 75.0, "percent_statements_covered_display": "75", "num_branches": 4, "num_partial_branches": 1, "covered_branches": 3, "missing_branches": 1, "percent_branches_covered": 75.0, "percent_branches_covered_display": "75"}, "missing_lines": [78], "excluded_lines": [], "start_line": 69, "executed_branches": [[75, 76], [76, 75], [76, 77]], "missing_branches": [[75, 78]]}, "_lines_keepends": {"executed_lines": [83, 84, 85, 86, 87, 88, 90], "summary": {"covered_lines": 7, "num_statements": 8, "percent_covered": 83.33333333333333, "percent_covered_display": "83", "missing_lines": 1, "excluded_lines": 0, "percent_statements_covered": 87.5, "percent_statements_covered_display": "88", "num_branches": 4, "num_partial_branches": 1, "covered_branches": 3, "missing_branches": 1, "percent_branches_covered": 75.0, "percent_branches_covered_display": "75"}, "missing_lines": [89], "excluded_lines": [], "start_line": 81, "executed_branches": [[85, 86], [85, 88], [88, 90]], "missing_branches": [[88, 89]]}, "split_lines": {"executed_lines": [101], "summary": {"covered_lines": 1, "num_statements": 1, "percent_covered": 100.0, "percent_covered_display": "100", "missing_lines": 0, "excluded_lines": 0, "percent_statements_covered": 100.0, "percent_statements_covered_display": "100", "num_branches": 0, "num_partial_branches": 0, "covered_branches": 0, "missing_branches": 0, "percent_branches_covered": 100.0, "percent_branches_covered_display": "100"}, "missing_lines": [], "excluded_lines": [], "start_line": 93, "executed_branches": [], "missing_branches": []}, "_decode_numeric": {"executed_lines": [], "summary": {"covered_lines": 0, "num_statements": 6, "percent_covered": 0.0, "percent_covered_display": "0", "missing_lines": 6, "excluded_lines": 0, "percent_statements_covered": 0.0, "percent_statements_covered_display": "0", "num_branches": 4, "num_partial_branches": 0, "covered_branches": 0, "missing_branches": 4, "percent_branches_covered": 0.0, "percent_branches_covered_display": "0"}, "missing_lines": [143, 144, 145, 146, 147, 148], "excluded_lines": [], "start_line": 136, "executed_branches": [], "missing_branches": [[143, 144], [143, 145], [146, 147], [146, 148]]}, "_decode_double": {"executed_lines": [155, 156, 157, 158, 159, 160, 161, 162, 166, 167, 169, 170, 171], "summary": {"covered_lines": 13, "num_statements": 16, "percent_covered": 81.81818181818181, "percent_covered_display": "82", "missing_lines": 3, "excluded_lines": 0, "percent_statements_covered": 81.25, "percent_statements_covered_display": "81", "num_branches": 6, "num_partial_branches": 1, "covered_branches": 5, "missing_branches": 1, "percent_branches_covered": 83.33333333333333, "percent_branches_covered_display": "83"}, "missing_lines": [163, 164, 165], "excluded_lines": [], "start_line": 151, "executed_branches": [[157, 158], [157, 171], [159, 160], [159, 169], [162, 166]], "missing_branches": [[162, 163]]}, "_unquote": {"executed_lines": [180, 181, 182, 183, 184], "summary": {"covered_lines": 5, "num_statements": 5, "percent_covered": 100.0, "percent_covered_display": "100", "missing_lines": 0, "excluded_lines": 0, "percent_statements_covered": 100.0, "percent_statements_covered_display": "100", "num_branches": 2, "num_partial_branches": 0, "covered_branches": 2, "missing_branches": 0, "percent_branches_covered": 100.0, "percent_branches_covered_display": "100"}, "missing_lines": [], "excluded_lines": [], "start_line": 174, "executed_branches": [[181, 182], [181, 184]], "missing_branches": []}, "_coerce": {"executed_lines": [188, 189, 191, 192, 193], "summary": {"covered_lines": 5, "num_statements": 6, "percent_covered": 80.0, "percent_covered_display": "80", "missing_lines": 1, "excluded_lines": 0, "percent_statements_covered": 83.33333333333333, "percent_statements_covered_display": "83", "num_branches": 4, "num_partial_branches": 1, "covered_branches": 3, "missing_branches": 1, "percent_branches_covered": 75.0, "percent_branches_covered_display": "75"}, "missing_lines": [190], "excluded_lines": [], "start_line": 187, "executed_branches": [[189, 191], [191, 192], [191, 193]], "missing_branches": [[189, 190]]}, "_fence_bounds": {"executed_lines": [199, 200, 201, 202, 203], "summary": {"covered_lines": 5, "num_statements": 6, "percent_covered": 83.33333333333333, "percent_covered_display": "83", "missing_lines": 1, "excluded_lines": 0, "percent_statements_covered": 83.33333333333333, "percent_statements_covered_display": "83", "num_branches": 6, "num_partial_branches": 1, "covered_branches": 5, "missing_branches": 1, "percent_branches_covered": 83.33333333333333, "percent_branches_covered_display": "83"}, "missing_lines": [204], "excluded_lines": [], "start_line": 196, "executed_branches": [[199, 200], [199, 201], [201, 202], [202, 201], [202, 203]], "missing_branches": [[201, 204]]}, "_scan_value": {"executed_lines": [217, 222, 223, 224, 225, 226, 227, 228, 229, 230, 235, 237, 238, 239, 240, 241, 242, 243, 244, 245, 246, 247, 248], "summary": {"covered_lines": 23, "num_statements": 24, "percent_covered": 95.45454545454545, "percent_covered_display": "95", "missing_lines": 1, "excluded_lines": 0, "percent_statements_covered": 95.83333333333333, "percent_statements_covered_display": "96", "num_branches": 20, "num_partial_branches": 1, "covered_branches": 19, "missing_branches": 1, "percent_branches_covered": 95.0, "percent_branches_covered_display": "95"}, "missing_lines": [236], "excluded_lines": [], "start_line": 207, "executed_branches": [[223, 224], [223, 248], [225, 226], [225, 235], [226, 227], [226, 229], [229, 230], [229, 247], [235, 237], [237, 238], [237, 239], [239, 240], [239, 241], [241, 242], [241, 243], [243, 244], [243, 245], [245, 246], [245, 247]], "missing_branches": [[235, 236]]}, "_continues": {"executed_lines": [260], "summary": {"covered_lines": 1, "num_statements": 1, "percent_covered": 100.0, "percent_covered_display": "100", "missing_lines": 0, "excluded_lines": 0, "percent_statements_covered": 100.0, "percent_statements_covered_display": "100", "num_branches": 0, "num_partial_branches": 0, "covered_branches": 0, "missing_branches": 0, "percent_branches_covered": 100.0, "percent_branches_covered_display": "100"}, "missing_lines": [], "excluded_lines": [], "start_line": 251, "executed_branches": [], "missing_branches": []}, "continues_previous": {"executed_lines": [], "summary": {"covered_lines": 0, "num_statements": 1, "percent_covered": 0.0, "percent_covered_display": "0", "missing_lines": 1, "excluded_lines": 0, "percent_statements_covered": 0.0, "percent_statements_covered_display": "0", "num_branches": 0, "num_partial_branches": 0, "covered_branches": 0, "missing_branches": 0, "percent_branches_covered": 100.0, "percent_branches_covered_display": "100"}, "missing_lines": [289], "excluded_lines": [], "start_line": 282, "executed_branches": [], "missing_branches": []}, "names_key": {"executed_lines": [300, 301], "summary": {"covered_lines": 2, "num_statements": 2, "percent_covered": 100.0, "percent_covered_display": "100", "missing_lines": 0, "excluded_lines": 0, "percent_statements_covered": 100.0, "percent_statements_covered_display": "100", "num_branches": 0, "num_partial_branches": 0, "covered_branches": 0, "missing_branches": 0, "percent_branches_covered": 100.0, "percent_branches_covered_display": "100"}, "missing_lines": [], "excluded_lines": [], "start_line": 292, "executed_branches": [], "missing_branches": []}, "parse_entries": {"executed_lines": [313, 314, 315, 316, 317, 318, 319, 320, 323, 331, 337, 341, 342, 346, 347, 348, 352, 353, 354, 355, 356, 360, 363, 364, 368, 369, 370, 371, 372, 373, 374, 378, 379, 380, 381, 382, 386, 387, 388, 389, 391, 392, 393, 394], "summary": {"covered_lines": 44, "num_statements": 58, "percent_covered": 75.60975609756098, "percent_covered_display": "76", "missing_lines": 14, "excluded_lines": 0, "percent_statements_covered": 75.86206896551724, "percent_statements_covered_display": "76", "num_branches": 24, "num_partial_branches": 6, "covered_branches": 18, "missing_branches": 6, "percent_branches_covered": 75.0, "percent_branches_covered_display": "75"}, "missing_lines": [321, 322, 328, 329, 330, 357, 358, 359, 361, 362, 375, 376, 377, 384], "excluded_lines": [], "start_line": 304, "executed_branches": [[318, 319], [318, 394], [320, 323], [323, 331], [354, 355], [354, 373], [356, 360], [360, 363], [363, 364], [363, 368], [374, 378], [378, 379], [378, 386], [380, 381], [386, 387], [386, 388], [388, 389], [388, 391]], "missing_branches": [[320, 321], [323, 328], [356, 357], [360, 361], [374, 375], [380, 384]]}, "parse_frontmatter": {"executed_lines": [406], "summary": {"covered_lines": 1, "num_statements": 1, "percent_covered": 100.0, "percent_covered_display": "100", "missing_lines": 0, "excluded_lines": 0, "percent_statements_covered": 100.0, "percent_statements_covered_display": "100", "num_branches": 0, "num_partial_branches": 0, "covered_branches": 0, "missing_branches": 0, "percent_branches_covered": 100.0, "percent_branches_covered_display": "100"}, "missing_lines": [], "excluded_lines": [], "start_line": 397, "executed_branches": [], "missing_branches": []}, "body_after_frontmatter": {"executed_lines": [411, 412, 413], "summary": {"covered_lines": 3, "num_statements": 3, "percent_covered": 100.0, "percent_covered_display": "100", "missing_lines": 0, "excluded_lines": 0, "percent_statements_covered": 100.0, "percent_statements_covered_display": "100", "num_branches": 0, "num_partial_branches": 0, "covered_branches": 0, "missing_branches": 0, "percent_branches_covered": 100.0, "percent_branches_covered_display": "100"}, "missing_lines": [], "excluded_lines": [], "start_line": 409, "executed_branches": [], "missing_branches": []}, "strip_frontmatter": {"executed_lines": [], "summary": {"covered_lines": 0, "num_statements": 4, "percent_covered": 0.0, "percent_covered_display": "0", "missing_lines": 4, "excluded_lines": 0, "percent_statements_covered": 0.0, "percent_statements_covered_display": "0", "num_branches": 0, "num_partial_branches": 0, "covered_branches": 0, "missing_branches": 0, "percent_branches_covered": 100.0, "percent_branches_covered_display": "100"}, "missing_lines": [422, 423, 424, 425], "excluded_lines": [], "start_line": 416, "executed_branches": [], "missing_branches": []}, "set_field": {"executed_lines": [], "summary": {"covered_lines": 0, "num_statements": 19, "percent_covered": 0.0, "percent_covered_display": "0", "missing_lines": 19, "excluded_lines": 0, "percent_statements_covered": 0.0, "percent_statements_covered_display": "0", "num_branches": 10, "num_partial_branches": 0, "covered_branches": 0, "missing_branches": 10, "percent_branches_covered": 0.0, "percent_branches_covered_display": "0"}, "missing_lines": [447, 448, 449, 450, 451, 452, 453, 454, 455, 456, 457, 458, 459, 460, 461, 462, 463, 464, 465], "excluded_lines": [], "start_line": 431, "executed_branches": [], "missing_branches": [[451, 452], [451, 460], [453, 454], [453, 455], [455, 456], [455, 458], [458, 451], [458, 459], [460, 461], [460, 462]]}, "set_fields": {"executed_lines": [476, 477, 478, 479, 480, 481, 483, 484, 486, 487, 488, 489, 490, 491, 494], "summary": {"covered_lines": 15, "num_statements": 17, "percent_covered": 85.18518518518519, "percent_covered_display": "85", "missing_lines": 2, "excluded_lines": 0, "percent_statements_covered": 88.23529411764706, "percent_statements_covered_display": "88", "num_branches": 10, "num_partial_branches": 2, "covered_branches": 8, "missing_branches": 2, "percent_branches_covered": 80.0, "percent_branches_covered_display": "80"}, "missing_lines": [482, 485], "excluded_lines": [], "start_line": 468, "executed_branches": [[479, 480], [479, 490], [481, 483], [484, 486], [487, 479], [487, 488], [490, 491], [490, 494]], "missing_branches": [[481, 482], [484, 485]]}, "is_unprintable": {"executed_lines": [527, 528], "summary": {"covered_lines": 2, "num_statements": 2, "percent_covered": 100.0, "percent_covered_display": "100", "missing_lines": 0, "excluded_lines": 0, "percent_statements_covered": 100.0, "percent_statements_covered_display": "100", "num_branches": 0, "num_partial_branches": 0, "covered_branches": 0, "missing_branches": 0, "percent_branches_covered": 100.0, "percent_branches_covered_display": "100"}, "missing_lines": [], "excluded_lines": [], "start_line": 517, "executed_branches": [], "missing_branches": []}, "_quote": {"executed_lines": [535, 536, 537, 538, 539, 543, 544], "summary": {"covered_lines": 7, "num_statements": 9, "percent_covered": 80.0, "percent_covered_display": "80", "missing_lines": 2, "excluded_lines": 0, "percent_statements_covered": 77.77777777777777, "percent_statements_covered_display": "78", "num_branches": 6, "num_partial_branches": 1, "covered_branches": 5, "missing_branches": 1, "percent_branches_covered": 83.33333333333333, "percent_branches_covered_display": "83"}, "missing_lines": [540, 541], "excluded_lines": [], "start_line": 531, "executed_branches": [[536, 537], [536, 544], [537, 538], [537, 539], [539, 543]], "missing_branches": [[539, 540]]}, "_needs_quote": {"executed_lines": [555, 556, 557, 558, 559, 560, 561, 562, 563], "summary": {"covered_lines": 9, "num_statements": 9, "percent_covered": 100.0, "percent_covered_display": "100", "missing_lines": 0, "excluded_lines": 0, "percent_statements_covered": 100.0, "percent_statements_covered_display": "100", "num_branches": 8, "num_partial_branches": 0, "covered_branches": 8, "missing_branches": 0, "percent_branches_covered": 100.0, "percent_branches_covered_display": "100"}, "missing_lines": [], "excluded_lines": [], "start_line": 547, "executed_branches": [[555, 556], [555, 557], [557, 558], [557, 559], [559, 560], [559, 561], [561, 562], [561, 563]], "missing_branches": []}, "_needs_quote_flow": {"executed_lines": [569, 571, 573, 575], "summary": {"covered_lines": 4, "num_statements": 7, "percent_covered": 53.84615384615385, "percent_covered_display": "54", "missing_lines": 3, "excluded_lines": 0, "percent_statements_covered": 57.142857142857146, "percent_statements_covered_display": "57", "num_branches": 6, "num_partial_branches": 3, "covered_branches": 3, "missing_branches": 3, "percent_branches_covered": 50.0, "percent_branches_covered_display": "50"}, "missing_lines": [570, 572, 574], "excluded_lines": [], "start_line": 566, "executed_branches": [[569, 571], [571, 573], [573, 575]], "missing_branches": [[569, 570], [571, 572], [573, 574]]}, "is_plain_key": {"executed_lines": [605], "summary": {"covered_lines": 1, "num_statements": 1, "percent_covered": 100.0, "percent_covered_display": "100", "missing_lines": 0, "excluded_lines": 0, "percent_statements_covered": 100.0, "percent_statements_covered_display": "100", "num_branches": 0, "num_partial_branches": 0, "covered_branches": 0, "missing_branches": 0, "percent_branches_covered": 100.0, "percent_branches_covered_display": "100"}, "missing_lines": [], "excluded_lines": [], "start_line": 595, "executed_branches": [], "missing_branches": []}, "is_yaml_int": {"executed_lines": [616], "summary": {"covered_lines": 1, "num_statements": 1, "percent_covered": 100.0, "percent_covered_display": "100", "missing_lines": 0, "excluded_lines": 0, "percent_statements_covered": 100.0, "percent_statements_covered_display": "100", "num_branches": 0, "num_partial_branches": 0, "covered_branches": 0, "missing_branches": 0, "percent_branches_covered": 100.0, "percent_branches_covered_display": "100"}, "missing_lines": [], "excluded_lines": [], "start_line": 608, "executed_branches": [], "missing_branches": []}, "is_iso_date": {"executed_lines": [634, 636, 637, 640], "summary": {"covered_lines": 4, "num_statements": 7, "percent_covered": 55.55555555555556, "percent_covered_display": "56", "missing_lines": 3, "excluded_lines": 0, "percent_statements_covered": 57.142857142857146, "percent_statements_covered_display": "57", "num_branches": 2, "num_partial_branches": 1, "covered_branches": 1, "missing_branches": 1, "percent_branches_covered": 50.0, "percent_branches_covered_display": "50"}, "missing_lines": [635, 638, 639], "excluded_lines": [], "start_line": 619, "executed_branches": [[634, 636]], "missing_branches": [[634, 635]]}, "yaml_scalar": {"executed_lines": [646, 647, 648, 649], "summary": {"covered_lines": 4, "num_statements": 4, "percent_covered": 100.0, "percent_covered_display": "100", "missing_lines": 0, "excluded_lines": 0, "percent_statements_covered": 100.0, "percent_statements_covered_display": "100", "num_branches": 2, "num_partial_branches": 0, "covered_branches": 2, "missing_branches": 0, "percent_branches_covered": 100.0, "percent_branches_covered_display": "100"}, "missing_lines": [], "excluded_lines": [], "start_line": 643, "executed_branches": [[646, 647], [646, 648]], "missing_branches": []}, "yaml_list": {"executed_lines": [653, 654, 657, 658, 659], "summary": {"covered_lines": 5, "num_statements": 5, "percent_covered": 100.0, "percent_covered_display": "100", "missing_lines": 0, "excluded_lines": 0, "percent_statements_covered": 100.0, "percent_statements_covered_display": "100", "num_branches": 2, "num_partial_branches": 0, "covered_branches": 2, "missing_branches": 0, "percent_branches_covered": 100.0, "percent_branches_covered_display": "100"}, "missing_lines": [], "excluded_lines": [], "start_line": 652, "executed_branches": [[653, 654], [653, 657]], "missing_branches": []}, "parse_flow_list": {"executed_lines": [682, 683, 685, 686, 688, 689, 690, 691, 692, 693, 694, 695, 696, 697, 698, 699, 716, 720, 725, 726, 728, 732, 733, 735, 736, 737, 739, 742, 744], "summary": {"covered_lines": 29, "num_statements": 52, "percent_covered": 50.0, "percent_covered_display": "50", "missing_lines": 23, "excluded_lines": 0, "percent_statements_covered": 55.76923076923077, "percent_statements_covered_display": "56", "num_branches": 32, "num_partial_branches": 11, "covered_branches": 13, "missing_branches": 19, "percent_branches_covered": 40.625, "percent_branches_covered_display": "41"}, "missing_lines": [684, 687, 704, 705, 706, 707, 708, 709, 710, 711, 712, 713, 714, 715, 719, 724, 727, 729, 730, 731, 734, 738, 743], "excluded_lines": [], "start_line": 662, "executed_branches": [[683, 685], [686, 688], [696, 697], [696, 737], [699, 716], [716, 720], [720, 725], [726, 728], [728, 732], [733, 735], [735, 736], [737, 739], [742, 744]], "missing_branches": [[683, 684], [686, 687], [699, 704], [704, 705], [704, 708], [709, 710], [709, 711], [711, 712], [711, 713], [713, 714], [713, 715], [716, 719], [720, 724], [726, 727], [728, 729], [733, 734], [735, 696], [737, 738], [742, 743]]}, "": {"executed_lines": [38, 40, 41, 42, 43, 44, 46, 47, 49, 50, 53, 66, 69, 81, 93, 110, 130, 133, 136, 151, 174, 187, 196, 207, 251, 263, 264, 276, 277, 278, 279, 282, 292, 304, 397, 409, 416, 431, 468, 501, 503, 507, 512, 514, 517, 531, 547, 566, 583, 589, 592, 595, 608, 619, 643, 652, 662], "summary": {"covered_lines": 57, "num_statements": 57, "percent_covered": 100.0, "percent_covered_display": "100", "missing_lines": 0, "excluded_lines": 0, "percent_statements_covered": 100.0, "percent_statements_covered_display": "100", "num_branches": 0, "num_partial_branches": 0, "covered_branches": 0, "missing_branches": 0, "percent_branches_covered": 100.0, "percent_branches_covered_display": "100"}, "missing_lines": [], "excluded_lines": [], "start_line": 1, "executed_branches": [], "missing_branches": []}}, "classes": {"FrontmatterError": {"executed_lines": [], "summary": {"covered_lines": 0, "num_statements": 0, "percent_covered": 100.0, "percent_covered_display": "100", "missing_lines": 0, "excluded_lines": 0, "percent_statements_covered": 100.0, "percent_statements_covered_display": "100", "num_branches": 0, "num_partial_branches": 0, "covered_branches": 0, "missing_branches": 0, "percent_branches_covered": 100.0, "percent_branches_covered_display": "100"}, "missing_lines": [], "excluded_lines": [], "start_line": 53, "executed_branches": [], "missing_branches": []}, "Entry": {"executed_lines": [], "summary": {"covered_lines": 0, "num_statements": 0, "percent_covered": 100.0, "percent_covered_display": "100", "missing_lines": 0, "excluded_lines": 0, "percent_statements_covered": 100.0, "percent_statements_covered_display": "100", "num_branches": 0, "num_partial_branches": 0, "covered_branches": 0, "missing_branches": 0, "percent_branches_covered": 100.0, "percent_branches_covered_display": "100"}, "missing_lines": [], "excluded_lines": [], "start_line": 264, "executed_branches": [], "missing_branches": []}, "": {"executed_lines": [38, 40, 41, 42, 43, 44, 46, 47, 49, 50, 53, 66, 69, 75, 76, 77, 81, 83, 84, 85, 86, 87, 88, 90, 93, 101, 110, 130, 133, 136, 151, 155, 156, 157, 158, 159, 160, 161, 162, 166, 167, 169, 170, 171, 174, 180, 181, 182, 183, 184, 187, 188, 189, 191, 192, 193, 196, 199, 200, 201, 202, 203, 207, 217, 222, 223, 224, 225, 226, 227, 228, 229, 230, 235, 237, 238, 239, 240, 241, 242, 243, 244, 245, 246, 247, 248, 251, 260, 263, 264, 276, 277, 278, 279, 282, 292, 300, 301, 304, 313, 314, 315, 316, 317, 318, 319, 320, 323, 331, 337, 341, 342, 346, 347, 348, 352, 353, 354, 355, 356, 360, 363, 364, 368, 369, 370, 371, 372, 373, 374, 378, 379, 380, 381, 382, 386, 387, 388, 389, 391, 392, 393, 394, 397, 406, 409, 411, 412, 413, 416, 431, 468, 476, 477, 478, 479, 480, 481, 483, 484, 486, 487, 488, 489, 490, 491, 494, 501, 503, 507, 512, 514, 517, 527, 528, 531, 535, 536, 537, 538, 539, 543, 544, 547, 555, 556, 557, 558, 559, 560, 561, 562, 563, 566, 569, 571, 573, 575, 583, 589, 592, 595, 605, 608, 616, 619, 634, 636, 637, 640, 643, 646, 647, 648, 649, 652, 653, 654, 657, 658, 659, 662, 682, 683, 685, 686, 688, 689, 690, 691, 692, 693, 694, 695, 696, 697, 698, 699, 716, 720, 725, 726, 728, 732, 733, 735, 736, 737, 739, 742, 744], "summary": {"covered_lines": 251, "num_statements": 336, "percent_covered": 71.92622950819673, "percent_covered_display": "72", "missing_lines": 85, "excluded_lines": 0, "percent_statements_covered": 74.70238095238095, "percent_statements_covered_display": "75", "num_branches": 152, "num_partial_branches": 30, "covered_branches": 100, "missing_branches": 52, "percent_branches_covered": 65.78947368421052, "percent_branches_covered_display": "66"}, "missing_lines": [78, 89, 143, 144, 145, 146, 147, 148, 163, 164, 165, 190, 204, 236, 289, 321, 322, 328, 329, 330, 357, 358, 359, 361, 362, 375, 376, 377, 384, 422, 423, 424, 425, 447, 448, 449, 450, 451, 452, 453, 454, 455, 456, 457, 458, 459, 460, 461, 462, 463, 464, 465, 482, 485, 540, 541, 570, 572, 574, 635, 638, 639, 684, 687, 704, 705, 706, 707, 708, 709, 710, 711, 712, 713, 714, 715, 719, 724, 727, 729, 730, 731, 734, 738, 743], "excluded_lines": [], "start_line": 1, "executed_branches": [[75, 76], [76, 75], [76, 77], [85, 86], [85, 88], [88, 90], [157, 158], [157, 171], [159, 160], [159, 169], [162, 166], [181, 182], [181, 184], [189, 191], [191, 192], [191, 193], [199, 200], [199, 201], [201, 202], [202, 201], [202, 203], [223, 224], [223, 248], [225, 226], [225, 235], [226, 227], [226, 229], [229, 230], [229, 247], [235, 237], [237, 238], [237, 239], [239, 240], [239, 241], [241, 242], [241, 243], [243, 244], [243, 245], [245, 246], [245, 247], [318, 319], [318, 394], [320, 323], [323, 331], [354, 355], [354, 373], [356, 360], [360, 363], [363, 364], [363, 368], [374, 378], [378, 379], [378, 386], [380, 381], [386, 387], [386, 388], [388, 389], [388, 391], [479, 480], [479, 490], [481, 483], [484, 486], [487, 479], [487, 488], [490, 491], [490, 494], [536, 537], [536, 544], [537, 538], [537, 539], [539, 543], [555, 556], [555, 557], [557, 558], [557, 559], [559, 560], [559, 561], [561, 562], [561, 563], [569, 571], [571, 573], [573, 575], [634, 636], [646, 647], [646, 648], [653, 654], [653, 657], [683, 685], [686, 688], [696, 697], [696, 737], [699, 716], [716, 720], [720, 725], [726, 728], [728, 732], [733, 735], [735, 736], [737, 739], [742, 744]], "missing_branches": [[75, 78], [88, 89], [143, 144], [143, 145], [146, 147], [146, 148], [162, 163], [189, 190], [201, 204], [235, 236], [320, 321], [323, 328], [356, 357], [360, 361], [374, 375], [380, 384], [451, 452], [451, 460], [453, 454], [453, 455], [455, 456], [455, 458], [458, 451], [458, 459], [460, 461], [460, 462], [481, 482], [484, 485], [539, 540], [569, 570], [571, 572], [573, 574], [634, 635], [683, 684], [686, 687], [699, 704], [704, 705], [704, 708], [709, 710], [709, 711], [711, 712], [711, 713], [713, 714], [713, 715], [716, 719], [720, 724], [726, 727], [728, 729], [733, 734], [735, 696], [737, 738], [742, 743]]}}}, "packages/kboat/src/kboat/io_utils.py": {"executed_lines": [37, 39, 40, 41, 42, 43, 46, 53, 54, 55, 56, 58, 61, 75, 76, 77, 78, 81, 82, 83, 84, 85, 86, 87, 88, 89, 93, 94, 95, 96, 97], "summary": {"covered_lines": 31, "num_statements": 34, "percent_covered": 91.66666666666667, "percent_covered_display": "92", "missing_lines": 3, "excluded_lines": 0, "percent_statements_covered": 91.17647058823529, "percent_statements_covered_display": "91", "num_branches": 2, "num_partial_branches": 0, "covered_branches": 2, "missing_branches": 0, "percent_branches_covered": 100.0, "percent_branches_covered_display": "100"}, "missing_lines": [98, 101, 102], "excluded_lines": [], "executed_branches": [[89, 93], [89, 94]], "missing_branches": [], "functions": {"_fsync_dir": {"executed_lines": [53, 54, 55, 56, 58], "summary": {"covered_lines": 5, "num_statements": 5, "percent_covered": 100.0, "percent_covered_display": "100", "missing_lines": 0, "excluded_lines": 0, "percent_statements_covered": 100.0, "percent_statements_covered_display": "100", "num_branches": 0, "num_partial_branches": 0, "covered_branches": 0, "missing_branches": 0, "percent_branches_covered": 100.0, "percent_branches_covered_display": "100"}, "missing_lines": [], "excluded_lines": [], "start_line": 46, "executed_branches": [], "missing_branches": []}, "_preserved_mode": {"executed_lines": [75, 76, 77, 78], "summary": {"covered_lines": 4, "num_statements": 4, "percent_covered": 100.0, "percent_covered_display": "100", "missing_lines": 0, "excluded_lines": 0, "percent_statements_covered": 100.0, "percent_statements_covered_display": "100", "num_branches": 0, "num_partial_branches": 0, "covered_branches": 0, "missing_branches": 0, "percent_branches_covered": 100.0, "percent_branches_covered_display": "100"}, "missing_lines": [], "excluded_lines": [], "start_line": 61, "executed_branches": [], "missing_branches": []}, "atomic_write_text": {"executed_lines": [82, 83, 84, 85, 86, 87, 88, 89, 93, 94, 95, 96, 97], "summary": {"covered_lines": 13, "num_statements": 16, "percent_covered": 83.33333333333333, "percent_covered_display": "83", "missing_lines": 3, "excluded_lines": 0, "percent_statements_covered": 81.25, "percent_statements_covered_display": "81", "num_branches": 2, "num_partial_branches": 0, "covered_branches": 2, "missing_branches": 0, "percent_branches_covered": 100.0, "percent_branches_covered_display": "100"}, "missing_lines": [98, 101, 102], "excluded_lines": [], "start_line": 81, "executed_branches": [[89, 93], [89, 94]], "missing_branches": []}, "": {"executed_lines": [37, 39, 40, 41, 42, 43, 46, 61, 81], "summary": {"covered_lines": 9, "num_statements": 9, "percent_covered": 100.0, "percent_covered_display": "100", "missing_lines": 0, "excluded_lines": 0, "percent_statements_covered": 100.0, "percent_statements_covered_display": "100", "num_branches": 0, "num_partial_branches": 0, "covered_branches": 0, "missing_branches": 0, "percent_branches_covered": 100.0, "percent_branches_covered_display": "100"}, "missing_lines": [], "excluded_lines": [], "start_line": 1, "executed_branches": [], "missing_branches": []}}, "classes": {"": {"executed_lines": [37, 39, 40, 41, 42, 43, 46, 53, 54, 55, 56, 58, 61, 75, 76, 77, 78, 81, 82, 83, 84, 85, 86, 87, 88, 89, 93, 94, 95, 96, 97], "summary": {"covered_lines": 31, "num_statements": 34, "percent_covered": 91.66666666666667, "percent_covered_display": "92", "missing_lines": 3, "excluded_lines": 0, "percent_statements_covered": 91.17647058823529, "percent_statements_covered_display": "91", "num_branches": 2, "num_partial_branches": 0, "covered_branches": 2, "missing_branches": 0, "percent_branches_covered": 100.0, "percent_branches_covered_display": "100"}, "missing_lines": [98, 101, 102], "excluded_lines": [], "start_line": 1, "executed_branches": [[89, 93], [89, 94]], "missing_branches": []}}}, "packages/kboat/src/kboat/lifecycle/__init__.py": {"executed_lines": [], "summary": {"covered_lines": 0, "num_statements": 0, "percent_covered": 100.0, "percent_covered_display": "100", "missing_lines": 0, "excluded_lines": 0, "percent_statements_covered": 100.0, "percent_statements_covered_display": "100", "num_branches": 0, "num_partial_branches": 0, "covered_branches": 0, "missing_branches": 0, "percent_branches_covered": 100.0, "percent_branches_covered_display": "100"}, "missing_lines": [], "excluded_lines": [], "executed_branches": [], "missing_branches": [], "functions": {"": {"executed_lines": [], "summary": {"covered_lines": 0, "num_statements": 0, "percent_covered": 100.0, "percent_covered_display": "100", "missing_lines": 0, "excluded_lines": 0, "percent_statements_covered": 100.0, "percent_statements_covered_display": "100", "num_branches": 0, "num_partial_branches": 0, "covered_branches": 0, "missing_branches": 0, "percent_branches_covered": 100.0, "percent_branches_covered_display": "100"}, "missing_lines": [], "excluded_lines": [], "start_line": 1, "executed_branches": [], "missing_branches": []}}, "classes": {"": {"executed_lines": [], "summary": {"covered_lines": 0, "num_statements": 0, "percent_covered": 100.0, "percent_covered_display": "100", "missing_lines": 0, "excluded_lines": 0, "percent_statements_covered": 100.0, "percent_statements_covered_display": "100", "num_branches": 0, "num_partial_branches": 0, "covered_branches": 0, "missing_branches": 0, "percent_branches_covered": 100.0, "percent_branches_covered_display": "100"}, "missing_lines": [], "excluded_lines": [], "start_line": 1, "executed_branches": [], "missing_branches": []}}}, "packages/kboat/src/kboat/lifecycle/__main__.py": {"executed_lines": [], "summary": {"covered_lines": 0, "num_statements": 95, "percent_covered": 0.0, "percent_covered_display": "0", "missing_lines": 95, "excluded_lines": 0, "percent_statements_covered": 0.0, "percent_statements_covered_display": "0", "num_branches": 20, "num_partial_branches": 0, "covered_branches": 0, "missing_branches": 20, "percent_branches_covered": 0.0, "percent_branches_covered_display": "0"}, "missing_lines": [23, 25, 26, 27, 28, 29, 31, 38, 39, 40, 42, 43, 46, 47, 62, 63, 71, 72, 73, 74, 75, 76, 77, 78, 79, 80, 81, 82, 83, 84, 85, 88, 91, 92, 93, 94, 95, 96, 97, 98, 99, 100, 101, 102, 103, 104, 105, 106, 109, 116, 117, 118, 119, 120, 121, 122, 123, 126, 134, 135, 139, 140, 141, 143, 144, 148, 149, 150, 151, 153, 175, 176, 180, 181, 182, 187, 189, 190, 191, 192, 193, 198, 199, 201, 202, 203, 204, 205, 206, 207, 209, 210, 211, 214, 215], "excluded_lines": [], "executed_branches": [], "missing_branches": [[74, 75], [74, 85], [81, 82], [81, 84], [93, 94], [93, 95], [95, 96], [95, 106], [102, 103], [102, 105], [117, 118], [117, 123], [143, 144], [143, 148], [192, 193], [192, 198], [198, 199], [198, 201], [214, -1], [214, 215]], "functions": {"_source_json": {"executed_lines": [], "summary": {"covered_lines": 0, "num_statements": 1, "percent_covered": 0.0, "percent_covered_display": "0", "missing_lines": 1, "excluded_lines": 0, "percent_statements_covered": 0.0, "percent_statements_covered_display": "0", "num_branches": 0, "num_partial_branches": 0, "covered_branches": 0, "missing_branches": 0, "percent_branches_covered": 100.0, "percent_branches_covered_display": "100"}, "missing_lines": [47], "excluded_lines": [], "start_line": 46, "executed_branches": [], "missing_branches": []}, "_kindle_json": {"executed_lines": [], "summary": {"covered_lines": 0, "num_statements": 1, "percent_covered": 0.0, "percent_covered_display": "0", "missing_lines": 1, "excluded_lines": 0, "percent_statements_covered": 0.0, "percent_statements_covered_display": "0", "num_branches": 0, "num_partial_branches": 0, "covered_branches": 0, "missing_branches": 0, "percent_branches_covered": 100.0, "percent_branches_covered_display": "100"}, "missing_lines": [63], "excluded_lines": [], "start_line": 62, "executed_branches": [], "missing_branches": []}, "_load_sources": {"executed_lines": [], "summary": {"covered_lines": 0, "num_statements": 14, "percent_covered": 0.0, "percent_covered_display": "0", "missing_lines": 14, "excluded_lines": 0, "percent_statements_covered": 0.0, "percent_statements_covered_display": "0", "num_branches": 4, "num_partial_branches": 0, "covered_branches": 0, "missing_branches": 4, "percent_branches_covered": 0.0, "percent_branches_covered_display": "0"}, "missing_lines": [72, 73, 74, 75, 76, 77, 78, 79, 80, 81, 82, 83, 84, 85], "excluded_lines": [], "start_line": 71, "executed_branches": [], "missing_branches": [[74, 75], [74, 85], [81, 82], [81, 84]]}, "_load_kindles": {"executed_lines": [], "summary": {"covered_lines": 0, "num_statements": 16, "percent_covered": 0.0, "percent_covered_display": "0", "missing_lines": 16, "excluded_lines": 0, "percent_statements_covered": 0.0, "percent_statements_covered_display": "0", "num_branches": 6, "num_partial_branches": 0, "covered_branches": 0, "missing_branches": 6, "percent_branches_covered": 0.0, "percent_branches_covered_display": "0"}, "missing_lines": [91, 92, 93, 94, 95, 96, 97, 98, 99, 100, 101, 102, 103, 104, 105, 106], "excluded_lines": [], "start_line": 88, "executed_branches": [], "missing_branches": [[93, 94], [93, 95], [95, 96], [95, 106], [102, 103], [102, 105]]}, "_apply_phase_a": {"executed_lines": [], "summary": {"covered_lines": 0, "num_statements": 8, "percent_covered": 0.0, "percent_covered_display": "0", "missing_lines": 8, "excluded_lines": 0, "percent_statements_covered": 0.0, "percent_statements_covered_display": "0", "num_branches": 2, "num_partial_branches": 0, "covered_branches": 0, "missing_branches": 2, "percent_branches_covered": 0.0, "percent_branches_covered_display": "0"}, "missing_lines": [116, 117, 118, 119, 120, 121, 122, 123], "excluded_lines": [], "start_line": 109, "executed_branches": [], "missing_branches": [[117, 118], [117, 123]]}, "_run": {"executed_lines": [], "summary": {"covered_lines": 0, "num_statements": 12, "percent_covered": 0.0, "percent_covered_display": "0", "missing_lines": 12, "excluded_lines": 0, "percent_statements_covered": 0.0, "percent_statements_covered_display": "0", "num_branches": 2, "num_partial_branches": 0, "covered_branches": 0, "missing_branches": 2, "percent_branches_covered": 0.0, "percent_branches_covered_display": "0"}, "missing_lines": [134, 135, 139, 140, 141, 143, 144, 148, 149, 150, 151, 153], "excluded_lines": [], "start_line": 126, "executed_branches": [], "missing_branches": [[143, 144], [143, 148]]}, "main": {"executed_lines": [], "summary": {"covered_lines": 0, "num_statements": 22, "percent_covered": 0.0, "percent_covered_display": "0", "missing_lines": 22, "excluded_lines": 0, "percent_statements_covered": 0.0, "percent_statements_covered_display": "0", "num_branches": 4, "num_partial_branches": 0, "covered_branches": 0, "missing_branches": 4, "percent_branches_covered": 0.0, "percent_branches_covered_display": "0"}, "missing_lines": [176, 180, 181, 182, 187, 189, 190, 191, 192, 193, 198, 199, 201, 202, 203, 204, 205, 206, 207, 209, 210, 211], "excluded_lines": [], "start_line": 175, "executed_branches": [], "missing_branches": [[192, 193], [192, 198], [198, 199], [198, 201]]}, "": {"executed_lines": [], "summary": {"covered_lines": 0, "num_statements": 21, "percent_covered": 0.0, "percent_covered_display": "0", "missing_lines": 21, "excluded_lines": 0, "percent_statements_covered": 0.0, "percent_statements_covered_display": "0", "num_branches": 2, "num_partial_branches": 0, "covered_branches": 0, "missing_branches": 2, "percent_branches_covered": 0.0, "percent_branches_covered_display": "0"}, "missing_lines": [23, 25, 26, 27, 28, 29, 31, 38, 39, 40, 42, 43, 46, 62, 71, 88, 109, 126, 175, 214, 215], "excluded_lines": [], "start_line": 1, "executed_branches": [], "missing_branches": [[214, -1], [214, 215]]}}, "classes": {"": {"executed_lines": [], "summary": {"covered_lines": 0, "num_statements": 95, "percent_covered": 0.0, "percent_covered_display": "0", "missing_lines": 95, "excluded_lines": 0, "percent_statements_covered": 0.0, "percent_statements_covered_display": "0", "num_branches": 20, "num_partial_branches": 0, "covered_branches": 0, "missing_branches": 20, "percent_branches_covered": 0.0, "percent_branches_covered_display": "0"}, "missing_lines": [23, 25, 26, 27, 28, 29, 31, 38, 39, 40, 42, 43, 46, 47, 62, 63, 71, 72, 73, 74, 75, 76, 77, 78, 79, 80, 81, 82, 83, 84, 85, 88, 91, 92, 93, 94, 95, 96, 97, 98, 99, 100, 101, 102, 103, 104, 105, 106, 109, 116, 117, 118, 119, 120, 121, 122, 123, 126, 134, 135, 139, 140, 141, 143, 144, 148, 149, 150, 151, 153, 175, 176, 180, 181, 182, 187, 189, 190, 191, 192, 193, 198, 199, 201, 202, 203, 204, 205, 206, 207, 209, 210, 211, 214, 215], "excluded_lines": [], "start_line": 1, "executed_branches": [], "missing_branches": [[74, 75], [74, 85], [81, 82], [81, 84], [93, 94], [93, 95], [95, 96], [95, 106], [102, 103], [102, 105], [117, 118], [117, 123], [143, 144], [143, 148], [192, 193], [192, 198], [198, 199], [198, 201], [214, -1], [214, 215]]}}}, "packages/kboat/src/kboat/lifecycle/core.py": {"executed_lines": [], "summary": {"covered_lines": 0, "num_statements": 129, "percent_covered": 0.0, "percent_covered_display": "0", "missing_lines": 129, "excluded_lines": 0, "percent_statements_covered": 0.0, "percent_statements_covered_display": "0", "num_branches": 38, "num_partial_branches": 0, "covered_branches": 0, "missing_branches": 38, "percent_branches_covered": 0.0, "percent_branches_covered_display": "0"}, "missing_lines": [23, 25, 26, 27, 29, 31, 34, 47, 50, 51, 52, 53, 54, 55, 56, 57, 58, 59, 60, 61, 62, 63, 64, 65, 66, 68, 69, 70, 71, 73, 74, 75, 82, 83, 84, 104, 105, 106, 108, 109, 110, 112, 113, 121, 127, 128, 137, 145, 158, 161, 164, 167, 179, 180, 181, 182, 183, 186, 187, 188, 189, 190, 191, 192, 193, 194, 195, 198, 199, 203, 204, 205, 206, 207, 208, 209, 210, 211, 212, 213, 217, 218, 219, 221, 222, 223, 224, 225, 226, 228, 233, 234, 235, 236, 237, 239, 240, 241, 242, 243, 245, 246, 247, 248, 249, 250, 251, 252, 254, 257, 271, 274, 275, 276, 277, 278, 279, 280, 282, 283, 284, 285, 286, 288, 299, 300, 304, 307, 308], "excluded_lines": [], "executed_branches": [], "missing_branches": [[179, 180], [179, 183], [181, 182], [181, 183], [203, 204], [203, 217], [204, 205], [204, 206], [206, 207], [206, 208], [208, 209], [208, 210], [210, 211], [210, 212], [212, 203], [212, 213], [222, 223], [222, 224], [224, 225], [224, 226], [233, 234], [233, 257], [234, 235], [234, 236], [239, 240], [239, 246], [240, 241], [240, 242], [242, 243], [242, 245], [246, 247], [246, 248], [248, 233], [248, 249], [249, 250], [249, 251], [251, 252], [251, 254]], "functions": {"_nonblank": {"executed_lines": [], "summary": {"covered_lines": 0, "num_statements": 1, "percent_covered": 0.0, "percent_covered_display": "0", "missing_lines": 1, "excluded_lines": 0, "percent_statements_covered": 0.0, "percent_statements_covered_display": "0", "num_branches": 0, "num_partial_branches": 0, "covered_branches": 0, "missing_branches": 0, "percent_branches_covered": 100.0, "percent_branches_covered_display": "100"}, "missing_lines": [47], "excluded_lines": [], "start_line": 34, "executed_branches": [], "missing_branches": []}, "Source.from_frontmatter": {"executed_lines": [], "summary": {"covered_lines": 0, "num_statements": 5, "percent_covered": 0.0, "percent_covered_display": "0", "missing_lines": 5, "excluded_lines": 0, "percent_statements_covered": 0.0, "percent_statements_covered_display": "0", "num_branches": 0, "num_partial_branches": 0, "covered_branches": 0, "missing_branches": 0, "percent_branches_covered": 100.0, "percent_branches_covered_display": "100"}, "missing_lines": [70, 73, 82, 83, 84], "excluded_lines": [], "start_line": 69, "executed_branches": [], "missing_branches": []}, "Source.from_frontmatter.boolean": {"executed_lines": [], "summary": {"covered_lines": 0, "num_statements": 1, "percent_covered": 0.0, "percent_covered_display": "0", "missing_lines": 1, "excluded_lines": 0, "percent_statements_covered": 0.0, "percent_statements_covered_display": "0", "num_branches": 0, "num_partial_branches": 0, "covered_branches": 0, "missing_branches": 0, "percent_branches_covered": 100.0, "percent_branches_covered_display": "100"}, "missing_lines": [71], "excluded_lines": [], "start_line": 70, "executed_branches": [], "missing_branches": []}, "Source.from_frontmatter.text": {"executed_lines": [], "summary": {"covered_lines": 0, "num_statements": 2, "percent_covered": 0.0, "percent_covered_display": "0", "missing_lines": 2, "excluded_lines": 0, "percent_statements_covered": 0.0, "percent_statements_covered_display": "0", "num_branches": 0, "num_partial_branches": 0, "covered_branches": 0, "missing_branches": 0, "percent_branches_covered": 100.0, "percent_branches_covered_display": "100"}, "missing_lines": [74, 75], "excluded_lines": [], "start_line": 73, "executed_branches": [], "missing_branches": []}, "Source.has_disposition": {"executed_lines": [], "summary": {"covered_lines": 0, "num_statements": 1, "percent_covered": 0.0, "percent_covered_display": "0", "missing_lines": 1, "excluded_lines": 0, "percent_statements_covered": 0.0, "percent_statements_covered_display": "0", "num_branches": 0, "num_partial_branches": 0, "covered_branches": 0, "missing_branches": 0, "percent_branches_covered": 100.0, "percent_branches_covered_display": "100"}, "missing_lines": [106], "excluded_lines": [], "start_line": 105, "executed_branches": [], "missing_branches": []}, "Source.is_ambiguous": {"executed_lines": [], "summary": {"covered_lines": 0, "num_statements": 1, "percent_covered": 0.0, "percent_covered_display": "0", "missing_lines": 1, "excluded_lines": 0, "percent_statements_covered": 0.0, "percent_statements_covered_display": "0", "num_branches": 0, "num_partial_branches": 0, "covered_branches": 0, "missing_branches": 0, "percent_branches_covered": 100.0, "percent_branches_covered_display": "100"}, "missing_lines": [110], "excluded_lines": [], "start_line": 109, "executed_branches": [], "missing_branches": []}, "Source.needs_summary": {"executed_lines": [], "summary": {"covered_lines": 0, "num_statements": 1, "percent_covered": 0.0, "percent_covered_display": "0", "missing_lines": 1, "excluded_lines": 0, "percent_statements_covered": 0.0, "percent_statements_covered_display": "0", "num_branches": 0, "num_partial_branches": 0, "covered_branches": 0, "missing_branches": 0, "percent_branches_covered": 100.0, "percent_branches_covered_display": "100"}, "missing_lines": [121], "excluded_lines": [], "start_line": 113, "executed_branches": [], "missing_branches": []}, "Source.summary_unrecoverable": {"executed_lines": [], "summary": {"covered_lines": 0, "num_statements": 1, "percent_covered": 0.0, "percent_covered_display": "0", "missing_lines": 1, "excluded_lines": 0, "percent_statements_covered": 0.0, "percent_statements_covered_display": "0", "num_branches": 0, "num_partial_branches": 0, "covered_branches": 0, "missing_branches": 0, "percent_branches_covered": 100.0, "percent_branches_covered_display": "100"}, "missing_lines": [137], "excluded_lines": [], "start_line": 128, "executed_branches": [], "missing_branches": []}, "older_than": {"executed_lines": [], "summary": {"covered_lines": 0, "num_statements": 1, "percent_covered": 0.0, "percent_covered_display": "0", "missing_lines": 1, "excluded_lines": 0, "percent_statements_covered": 0.0, "percent_statements_covered_display": "0", "num_branches": 0, "num_partial_branches": 0, "covered_branches": 0, "missing_branches": 0, "percent_branches_covered": 100.0, "percent_branches_covered_display": "100"}, "missing_lines": [158], "excluded_lines": [], "start_line": 145, "executed_branches": [], "missing_branches": []}, "cooldown_elapsed": {"executed_lines": [], "summary": {"covered_lines": 0, "num_statements": 1, "percent_covered": 0.0, "percent_covered_display": "0", "missing_lines": 1, "excluded_lines": 0, "percent_statements_covered": 0.0, "percent_statements_covered_display": "0", "num_branches": 0, "num_partial_branches": 0, "covered_branches": 0, "missing_branches": 0, "percent_branches_covered": 100.0, "percent_branches_covered_display": "100"}, "missing_lines": [164], "excluded_lines": [], "start_line": 161, "executed_branches": [], "missing_branches": []}, "age_in_days": {"executed_lines": [], "summary": {"covered_lines": 0, "num_statements": 5, "percent_covered": 0.0, "percent_covered_display": "0", "missing_lines": 5, "excluded_lines": 0, "percent_statements_covered": 0.0, "percent
[...]
 "missing_branches": []}}, "classes": {"CrossFieldCode": {"executed_lines": [], "summary": {"covered_lines": 0, "num_statements": 0, "percent_covered": 100.0, "percent_covered_display": "100", "missing_lines": 0, "excluded_lines": 0, "percent_statements_covered": 100.0, "percent_statements_covered_display": "100", "num_branches": 0, "num_partial_branches": 0, "covered_branches": 0, "missing_branches": 0, "percent_branches_covered": 100.0, "percent_branches_covered_display": "100"}, "missing_lines": [], "excluded_lines": [], "start_line": 22, "executed_branches": [], "missing_branches": []}, "Violation": {"executed_lines": [], "summary": {"covered_lines": 0, "num_statements": 4, "percent_covered": 0.0, "percent_covered_display": "0", "missing_lines": 4, "excluded_lines": 0, "percent_statements_covered": 0.0, "percent_statements_covered_display": "0", "num_branches": 2, "num_partial_branches": 0, "covered_branches": 0, "missing_branches": 2, "percent_branches_covered": 0.0, "percent_branches_covered_display": "0"}, "missing_lines": [51, 52, 53, 54], "excluded_lines": [], "start_line": 44, "executed_branches": [], "missing_branches": [[52, 53], [52, 54]]}, "": {"executed_lines": [13, 15, 16, 18, 19, 22, 35, 36, 37, 38, 39, 40, 43, 44, 45, 46, 47, 48, 50, 57, 63, 66, 67, 68, 69, 70, 71, 72, 73, 77, 78, 79, 86, 87, 89, 92, 93, 94, 95, 99, 100, 101, 103, 104, 105, 107, 110, 129, 151, 154, 155, 164, 173, 176, 179, 181, 182, 183, 184, 185, 186], "summary": {"covered_lines": 61, "num_statements": 85, "percent_covered": 65.35433070866142, "percent_covered_display": "65", "missing_lines": 24, "excluded_lines": 0, "percent_statements_covered": 71.76470588235294, "percent_statements_covered_display": "72", "num_branches": 42, "num_partial_branches": 8, "covered_branches": 22, "missing_branches": 20, "percent_branches_covered": 52.38095238095238, "percent_branches_covered_display": "52"}, "missing_lines": [80, 88, 96, 97, 98, 102, 106, 120, 121, 122, 130, 131, 132, 133, 141, 142, 143, 144, 145, 146, 147, 148, 156, 165], "excluded_lines": [], "start_line": 1, "executed_branches": [[67, 68], [67, 69], [69, 70], [69, 71], [71, 72], [71, 73], [73, 77], [73, 78], [78, 79], [78, 89], [79, 86], [86, 87], [94, 95], [94, 107], [95, 99], [100, 101], [100, 104], [101, 103], [105, 94], [155, 164], [164, 173], [184, 185]], "missing_branches": [[79, 80], [86, 88], [95, 96], [96, 97], [96, 98], [101, 102], [105, 106], [120, 121], [120, 122], [132, 133], [132, 141], [142, 143], [142, 144], [144, 145], [144, 146], [146, 147], [146, 148], [155, 156], [164, 165], [184, 186]]}}}, "packages/kboat/src/kboat/validate/stats.py": {"executed_lines": [], "summary": {"covered_lines": 0, "num_statements": 22, "percent_covered": 0.0, "percent_covered_display": "0", "missing_lines": 22, "excluded_lines": 0, "percent_statements_covered": 0.0, "percent_statements_covered_display": "0", "num_branches": 0, "num_partial_branches": 0, "covered_branches": 0, "missing_branches": 0, "percent_branches_covered": 100.0, "percent_branches_covered_display": "100"}, "missing_lines": [13, 15, 16, 17, 19, 33, 36, 37, 38, 39, 40, 41, 42, 43, 44, 46, 50, 53, 54, 55, 56, 57], "excluded_lines": [], "executed_branches": [], "missing_branches": [], "functions": {"Stats.to_json": {"executed_lines": [], "summary": {"covered_lines": 0, "num_statements": 1, "percent_covered": 0.0, "percent_covered_display": "0", "missing_lines": 1, "excluded_lines": 0, "percent_statements_covered": 0.0, "percent_statements_covered_display": "0", "num_branches": 0, "num_partial_branches": 0, "covered_branches": 0, "missing_branches": 0, "percent_branches_covered": 100.0, "percent_branches_covered_display": "100"}, "missing_lines": [50], "excluded_lines": [], "start_line": 46, "executed_branches": [], "missing_branches": []}, "compute_stats": {"executed_lines": [], "summary": {"covered_lines": 0, "num_statements": 4, "percent_covered": 0.0, "percent_covered_display": "0", "missing_lines": 4, "excluded_lines": 0, "percent_statements_covered": 0.0, "percent_statements_covered_display": "0", "num_branches": 0, "num_partial_branches": 0, "covered_branches": 0, "missing_branches": 0, "percent_branches_covered": 100.0, "percent_branches_covered_display": "100"}, "missing_lines": [54, 55, 56, 57], "excluded_lines": [], "start_line": 53, "executed_branches": [], "missing_branches": []}, "": {"executed_lines": [], "summary": {"covered_lines": 0, "num_statements": 17, "percent_covered": 0.0, "percent_covered_display": "0", "missing_lines": 17, "excluded_lines": 0, "percent_statements_covered": 0.0, "percent_statements_covered_display": "0", "num_branches": 0, "num_partial_branches": 0, "covered_branches": 0, "missing_branches": 0, "percent_branches_covered": 100.0, "percent_branches_covered_display": "100"}, "missing_lines": [13, 15, 16, 17, 19, 33, 36, 37, 38, 39, 40, 41, 42, 43, 44, 46, 53], "excluded_lines": [], "start_line": 1, "executed_branches": [], "missing_branches": []}}, "classes": {"Stats": {"executed_lines": [], "summary": {"covered_lines": 0, "num_statements": 1, "percent_covered": 0.0, "percent_covered_display": "0", "missing_lines": 1, "excluded_lines": 0, "percent_statements_covered": 0.0, "percent_statements_covered_display": "0", "num_branches": 0, "num_partial_branches": 0, "covered_branches": 0, "missing_branches": 0, "percent_branches_covered": 100.0, "percent_branches_covered_display": "100"}, "missing_lines": [50], "excluded_lines": [], "start_line": 37, "executed_branches": [], "missing_branches": []}, "": {"executed_lines": [], "summary": {"covered_lines": 0, "num_statements": 21, "percent_covered": 0.0, "percent_covered_display": "0", "missing_lines": 21, "excluded_lines": 0, "percent_statements_covered": 0.0, "percent_statements_covered_display": "0", "num_branches": 0, "num_partial_branches": 0, "covered_branches": 0, "missing_branches": 0, "percent_branches_covered": 100.0, "percent_branches_covered_display": "100"}, "missing_lines": [13, 15, 16, 17, 19, 33, 36, 37, 38, 39, 40, 41, 42, 43, 44, 46, 53, 54, 55, 56, 57], "excluded_lines": [], "start_line": 1, "executed_branches": [], "missing_branches": []}}}, "packages/kboat/src/kboat/write.py": {"executed_lines": [11, 13, 14, 15, 17, 31, 32, 35, 44, 52, 53, 54, 55, 56, 57, 58, 64, 65, 66, 67, 83, 86, 91, 94, 118, 146, 147, 148, 149, 150, 151, 152, 155, 156, 157, 160, 161, 162, 165, 166, 169, 172, 173, 174, 175, 176, 177, 183, 186, 189, 203, 204, 205, 206, 207, 208, 209, 216, 219, 232, 233, 234, 235, 236, 237, 240, 248, 250, 251, 252, 253, 256, 268, 275, 276, 282, 285, 295, 301, 302, 304, 307, 329, 330, 331, 332, 333, 334, 339, 341, 342, 343, 344, 345, 347, 348, 349, 350, 351, 352, 358, 361, 362, 371, 377, 378, 386, 391, 392, 393, 394, 395, 396, 397, 401, 402, 403, 404], "summary": {"covered_lines": 118, "num_statements": 151, "percent_covered": 72.48908296943232, "percent_covered_display": "72", "missing_lines": 33, "excluded_lines": 0, "percent_statements_covered": 78.1456953642384, "percent_statements_covered_display": "78", "num_branches": 78, "num_partial_branches": 14, "covered_branches": 48, "missing_branches": 30, "percent_branches_covered": 61.53846153846154, "percent_branches_covered_display": "62"}, "missing_lines": [70, 71, 76, 77, 78, 82, 104, 105, 106, 107, 108, 109, 110, 114, 115, 153, 159, 163, 164, 167, 168, 170, 171, 210, 211, 212, 213, 214, 215, 249, 296, 303, 340], "excluded_lines": [], "executed_branches": [[52, 53], [52, 54], [54, 55], [54, 56], [56, 57], [56, 65], [65, 66], [65, 83], [66, 67], [150, 151], [150, 161], [151, 152], [151, 156], [152, 155], [156, 157], [161, 162], [161, 165], [162, 161], [165, 166], [165, 172], [166, 169], [169, 165], [175, 176], [206, 207], [206, 216], [208, 209], [234, 235], [234, 237], [235, 234], [235, 236], [248, 250], [295, 301], [302, 304], [332, 333], [333, 334], [333, 342], [339, 341], [349, 350], [349, 391], [352, 358], [377, 378], [377, 386], [392, 393], [392, 397], [393, 394], [393, 395], [395, 392], [395, 396]], "missing_branches": [[66, 70], [70, 71], [70, 76], [76, 77], [76, 82], [104, 105], [104, 109], [106, 107], [106, 108], [109, 110], [109, 114], [152, 153], [156, 159], [162, 163], [166, 167], [167, 165], [167, 168], [169, 170], [175, 177], [208, 210], [211, 212], [211, 213], [213, 206], [213, 214], [248, 249], [295, 296], [302, 303], [332, 342], [339, 340], [352, 386]], "functions": {"render_field": {"executed_lines": [52, 53, 54, 55, 56, 57, 58, 64, 65, 66, 67, 83], "summary": {"covered_lines": 12, "num_statements": 18, "percent_covered": 65.625, "percent_covered_display": "66", "missing_lines": 6, "excluded_lines": 0, "percent_statements_covered": 66.66666666666667, "percent_statements_covered_display": "67", "num_branches": 14, "num_partial_branches": 1, "covered_branches": 9, "missing_branches": 5, "percent_branches_covered": 64.28571428571429, "percent_branches_covered_display": "64"}, "missing_lines": [70, 71, 76, 77, 78, 82], "excluded_lines": [], "start_line": 44, "executed_branches": [[52, 53], [52, 54], [54, 55], [54, 56], [56, 57], [56, 65], [65, 66], [65, 83], [66, 67]], "missing_branches": [[66, 70], [70, 71], [70, 76], [76, 77], [76, 82]]}, "_scalar_line": {"executed_lines": [91], "summary": {"covered_lines": 1, "num_statements": 1, "percent_covered": 100.0, "percent_covered_display": "100", "missing_lines": 0, "excluded_lines": 0, "percent_statements_covered": 100.0, "percent_statements_covered_display": "100", "num_branches": 0, "num_partial_branches": 0, "covered_branches": 0, "missing_branches": 0, "percent_branches_covered": 100.0, "percent_branches_covered_display": "100"}, "missing_lines": [], "excluded_lines": [], "start_line": 86, "executed_branches": [], "missing_branches": []}, "_block_list_lines": {"executed_lines": [], "summary": {"covered_lines": 0, "num_statements": 9, "percent_covered": 0.0, "percent_covered_display": "0", "missing_lines": 9, "excluded_lines": 0, "percent_statements_covered": 0.0, "percent_statements_covered_display": "0", "num_branches": 6, "num_partial_branches": 0, "covered_branches": 0, "missing_branches": 6, "percent_branches_covered": 0.0, "percent_branches_covered_display": "0"}, "missing_lines": [104, 105, 106, 107, 108, 109, 110, 114, 115], "excluded_lines": [], "start_line": 94, "executed_branches": [], "missing_branches": [[104, 105], [104, 109], [106, 107], [106, 108], [109, 110], [109, 114]]}, "build_note": {"executed_lines": [146, 147, 148, 149, 150, 151, 152, 155, 156, 157, 160, 161, 162, 165, 166, 169, 172, 173, 174, 175, 176, 177], "summary": {"covered_lines": 22, "num_statements": 30, "percent_covered": 69.23076923076923, "percent_covered_display": "69", "missing_lines": 8, "excluded_lines": 0, "percent_statements_covered": 73.33333333333333, "percent_statements_covered_display": "73", "num_branches": 22, "num_partial_branches": 6, "covered_branches": 14, "missing_branches": 8, "percent_branches_covered": 63.63636363636363, "percent_branches_covered_display": "64"}, "missing_lines": [153, 159, 163, 164, 167, 168, 170, 171], "excluded_lines": [], "start_line": 118, "executed_branches": [[150, 151], [150, 161], [151, 152], [151, 156], [152, 155], [156, 157], [161, 162], [161, 165], [162, 161], [165, 166], [165, 172], [166, 169], [169, 165], [175, 176]], "missing_branches": [[152, 153], [156, 159], [162, 163], [166, 167], [167, 165], [167, 168], [169, 170], [175, 177]]}, "_fenced_lines": {"executed_lines": [203, 204, 205, 206, 207, 208, 209, 216], "summary": {"covered_lines": 8, "num_statements": 14, "percent_covered": 50.0, "percent_covered_display": "50", "missing_lines": 6, "excluded_lines": 0, "percent_statements_covered": 57.142857142857146, "percent_statements_covered_display": "57", "num_branches": 8, "num_partial_branches": 1, "covered_branches": 3, "missing_branches": 5, "percent_branches_covered": 37.5, "percent_branches_covered_display": "38"}, "missing_lines": [210, 211, 212, 213, 214, 215], "excluded_lines": [], "start_line": 189, "executed_branches": [[206, 207], [206, 216], [208, 209]], "missing_branches": [[208, 210], [211, 212], [211, 213], [213, 206], [213, 214]]}, "split_notes_section": {"executed_lines": [232, 233, 234, 235, 236, 237], "summary": {"covered_lines": 6, "num_statements": 6, "percent_covered": 100.0, "percent_covered_display": "100", "missing_lines": 0, "excluded_lines": 0, "percent_statements_covered": 100.0, "percent_statements_covered_display": "100", "num_branches": 4, "num_partial_branches": 0, "covered_branches": 4, "missing_branches": 0, "percent_branches_covered": 100.0, "percent_branches_covered_display": "100"}, "missing_lines": [], "excluded_lines": [], "start_line": 219, "executed_branches": [[234, 235], [234, 237], [235, 234], [235, 236]], "missing_branches": []}, "_compose_body": {"executed_lines": [248, 250, 251, 252, 253], "summary": {"covered_lines": 5, "num_statements": 6, "percent_covered": 75.0, "percent_covered_display": "75", "missing_lines": 1, "excluded_lines": 0, "percent_statements_covered": 83.33333333333333, "percent_statements_covered_display": "83", "num_branches": 2, "num_partial_branches": 1, "covered_branches": 1, "missing_branches": 1, "percent_branches_covered": 50.0, "percent_branches_covered_display": "50"}, "missing_lines": [249], "excluded_lines": [], "start_line": 240, "executed_branches": [[248, 250]], "missing_branches": [[248, 249]]}, "carried_entries": {"executed_lines": [268], "summary": {"covered_lines": 1, "num_statements": 1, "percent_covered": 100.0, "percent_covered_display": "100", "missing_lines": 0, "excluded_lines": 0, "percent_statements_covered": 100.0, "percent_statements_covered_display": "100", "num_branches": 0, "num_partial_branches": 0, "covered_branches": 0, "missing_branches": 0, "percent_branches_covered": 100.0, "percent_branches_covered_display": "100"}, "missing_lines": [], "excluded_lines": [], "start_line": 256, "executed_branches": [], "missing_branches": []}, "_empty_for": {"executed_lines": [276], "summary": {"covered_lines": 1, "num_statements": 1, "percent_covered": 100.0, "percent_covered_display": "100", "missing_lines": 0, "excluded_lines": 0, "percent_statements_covered": 100.0, "percent_statements_covered_display": "100", "num_branches": 0, "num_partial_branches": 0, "covered_branches": 0, "missing_branches": 0, "percent_branches_covered": 100.0, "percent_branches_covered_display": "100"}, "missing_lines": [], "excluded_lines": [], "start_line": 275, "executed_branches": [], "missing_branches": []}, "_filename_slug": {"executed_lines": [295, 301, 302, 304], "summary": {"covered_lines": 4, "num_statements": 6, "percent_covered": 60.0, "percent_covered_display": "60", "missing_lines": 2, "excluded_lines": 0, "percent_statements_covered": 66.66666666666667, "percent_statements_covered_display": "67", "num_branches": 4, "num_partial_branches": 2, "covered_branches": 2, "missing_branches": 2, "percent_branches_covered": 50.0, "percent_branches_covered_display": "50"}, "missing_lines": [296, 303], "excluded_lines": [], "start_line": 285, "executed_branches": [[295, 301], [302, 304]], "missing_branches": [[295, 296], [302, 303]]}, "upsert": {"executed_lines": [329, 330, 331, 332, 333, 334, 339, 341, 342, 343, 344, 345, 347, 348, 349, 350, 351, 352, 358, 361, 362, 371, 377, 378, 386, 391, 392, 393, 394, 395, 396, 397, 401, 402, 403, 404], "summary": {"covered_lines": 36, "num_statements": 37, "percent_covered": 92.72727272727273, "percent_covered_display": "93", "missing_lines": 1, "excluded_lines": 0, "percent_statements_covered": 97.29729729729729, "percent_statements_covered_display": "97", "num_branches": 18, "num_partial_branches": 3, "covered_branches": 15, "missing_branches": 3, "percent_branches_covered": 83.33333333333333, "percent_branches_covered_display": "83"}, "missing_lines": [340], "excluded_lines": [], "start_line": 307, "executed_branches": [[332, 333], [333, 334], [333, 342], [339, 341], [349, 350], [349, 391], [352, 358], [377, 378], [377, 386], [392, 393], [392, 397], [393, 394], [393, 395], [395, 392], [395, 396]], "missing_branches": [[332, 342], [339, 340], [352, 386]]}, "": {"executed_lines": [11, 13, 14, 15, 17, 31, 32, 35, 44, 86, 94, 118, 183, 186, 189, 219, 240, 256, 275, 282, 285, 307], "summary": {"covered_lines": 22, "num_statements": 22, "percent_covered": 100.0, "percent_covered_display": "100", "missing_lines": 0, "excluded_lines": 0, "percent_statements_covered": 100.0, "percent_statements_covered_display": "100", "num_branches": 0, "num_partial_branches": 0, "covered_branches": 0, "missing_branches": 0, "percent_branches_covered": 100.0, "percent_branches_covered_display": "100"}, "missing_lines": [], "excluded_lines": [], "start_line": 1, "executed_branches": [], "missing_branches": []}}, "classes": {"BadInputError": {"executed_lines": [], "summary": {"covered_lines": 0, "num_statements": 0, "percent_covered": 100.0, "percent_covered_display": "100", "missing_lines": 0, "excluded_lines": 0, "percent_statements_covered": 100.0, "percent_statements_covered_display": "100", "num_branches": 0, "num_partial_branches": 0, "covered_branches": 0, "missing_branches": 0, "percent_branches_covered": 100.0, "percent_branches_covered_display": "100"}, "missing_lines": [], "excluded_lines": [], "start_line": 35, "executed_branches": [], "missing_branches": []}, "": {"executed_lines": [11, 13, 14, 15, 17, 31, 32, 35, 44, 52, 53, 54, 55, 56, 57, 58, 64, 65, 66, 67, 83, 86, 91, 94, 118, 146, 147, 148, 149, 150, 151, 152, 155, 156, 157, 160, 161, 162, 165, 166, 169, 172, 173, 174, 175, 176, 177, 183, 186, 189, 203, 204, 205, 206, 207, 208, 209, 216, 219, 232, 233, 234, 235, 236, 237, 240, 248, 250, 251, 252, 253, 256, 268, 275, 276, 282, 285, 295, 301, 302, 304, 307, 329, 330, 331, 332, 333, 334, 339, 341, 342, 343, 344, 345, 347, 348, 349, 350, 351, 352, 358, 361, 362, 371, 377, 378, 386, 391, 392, 393, 394, 395, 396, 397, 401, 402, 403, 404], "summary": {"covered_lines": 118, "num_statements": 151, "percent_covered": 72.48908296943232, "percent_covered_display": "72", "missing_lines": 33, "excluded_lines": 0, "percent_statements_covered": 78.1456953642384, "percent_statements_covered_display": "78", "num_branches": 78, "num_partial_branches": 14, "covered_branches": 48, "missing_branches": 30, "percent_branches_covered": 61.53846153846154, "percent_branches_covered_display": "62"}, "missing_lines": [70, 71, 76, 77, 78, 82, 104, 105, 106, 107, 108, 109, 110, 114, 115, 153, 159, 163, 164, 167, 168, 170, 171, 210, 211, 212, 213, 214, 215, 249, 296, 303, 340], "excluded_lines": [], "start_line": 1, "executed_branches": [[52, 53], [52, 54], [54, 55], [54, 56], [56, 57], [56, 65], [65, 66], [65, 83], [66, 67], [150, 151], [150, 161], [151, 152], [151, 156], [152, 155], [156, 157], [161, 162], [161, 165], [162, 161], [165, 166], [165, 172], [166, 169], [169, 165], [175, 176], [206, 207], [206, 216], [208, 209], [234, 235], [234, 237], [235, 234], [235, 236], [248, 250], [295, 301], [302, 304], [332, 333], [333, 334], [333, 342], [339, 341], [349, 350], [349, 391], [352, 358], [377, 378], [377, 386], [392, 393], [392, 397], [393, 394], [393, 395], [395, 392], [395, 396]], "missing_branches": [[66, 70], [70, 71], [70, 76], [76, 77], [76, 82], [104, 105], [104, 109], [106, 107], [106, 108], [109, 110], [109, 114], [152, 153], [156, 159], [162, 163], [166, 167], [167, 165], [167, 168], [169, 170], [175, 177], [208, 210], [211, 212], [211, 213], [213, 206], [213, 214], [248, 249], [295, 296], [302, 303], [332, 342], [339, 340], [352, 386]]}}}}, "totals": {"covered_lines": 1038, "num_statements": 1926, "percent_covered": 53.505237711522966, "percent_covered_display": "54", "missing_lines": 888, "excluded_lines": 0, "percent_statements_covered": 53.89408099688473, "percent_statements_covered_display": "54", "num_branches": 556, "num_partial_branches": 60, "covered_branches": 290, "missing_branches": 266, "percent_branches_covered": 52.15827338129496, "percent_branches_covered_display": "52"}}